
[1;33mrunning... KPP[0m

mechanisms/cb05_sorg_aq/cb05_sorg_aq.kpp
mechanisms/cb05_sorg_vbs_aq/cb05_sorg_vbs_aq.kpp
mechanisms/cbm4/cbm4.kpp
mechanisms/cbmz_bb/cbmz_bb.kpp
mechanisms/cbmz_mosaic/cbmz_mosaic.kpp
mechanisms/crimech/crimech.kpp
mechanisms/cri_mosaic_4bin_aq/cri_mosaic_4bin_aq.kpp
mechanisms/cri_mosaic_8bin_aq/cri_mosaic_8bin_aq.kpp
mechanisms/gocartracm/gocartracm.kpp
mechanisms/mozart_mosaic_4bin_aq/mozart_mosaic_4bin_aq.kpp
mechanisms/mozart_mosaic_4bin/mozart_mosaic_4bin.kpp
mechanisms/mozart/mozart.kpp
mechanisms/mozcart/mozcart.kpp
mechanisms/nmhc9/nmhc9.kpp
mechanisms/racm_esrlsorg_aqchem/racm_esrlsorg_aqchem.kpp
mechanisms/racm_esrlsorg/racm_esrlsorg.kpp
mechanisms/racm_mim/racm_mim.kpp
mechanisms/racmpm/racmpm.kpp
mechanisms/racm/racm.kpp
mechanisms/racm_soa_vbs_aqchem/racm_soa_vbs_aqchem.kpp
mechanisms/racm_soa_vbs_het/racm_soa_vbs_het.kpp
mechanisms/racm_soa_vbs/racm_soa_vbs.kpp
mechanisms/racmsorg_aqchem/racmsorg_aqchem.kpp
mechanisms/racmsorg/racmsorg.kpp
mechanisms/radm2/radm2.kpp
mechanisms/radm2sorg/radm2sorg.kpp
mechanisms/saprc99_mosaic_12bin_vbs2_aq/saprc99_mosaic_12bin_vbs2_aq.kpp
mechanisms/saprc99_mosaic_12bin_vbs2/saprc99_mosaic_12bin_vbs2.kpp
mechanisms/saprc99_mosaic_20bin_vbs2_aq/saprc99_mosaic_20bin_vbs2_aq.kpp
mechanisms/saprc99_mosaic_20bin_vbs2/saprc99_mosaic_20bin_vbs2.kpp
mechanisms/saprc99_mosaic_4bin_iepox_vbs_aq/saprc99_mosaic_4bin_iepox_vbs_aq.kpp
mechanisms/saprc99_mosaic_4bin_vbs2/saprc99_mosaic_4bin_vbs2.kpp
mechanisms/saprc99_mosaic_8bin_vbs2_aq/saprc99_mosaic_8bin_vbs2_aq.kpp
mechanisms/saprc99_mosaic_8bin_vbs2/saprc99_mosaic_8bin_vbs2.kpp
mechanisms/saprc99/saprc99.kpp
mechanisms/saprc99_simplesom_mosaic_4bin_aq/saprc99_simplesom_mosaic_4bin_aq.kpp
mechanisms/t1_mozcart/t1_mozcart.kpp
make[1]: Entering directory `/public2/home/tsinghuazhangff/tsinghuazhangh/yicongh/exps/x.WRF-CHEM.SSM/x.WRF-CHEM.SSM.4BIN.HIGH-NOx.DIFFg'
make[2]: Entering directory `/public2/home/tsinghuazhangff/tsinghuazhangh/yicongh/exps/x.WRF-CHEM.SSM/x.WRF-CHEM.SSM.4BIN.HIGH-NOx.DIFFg/frame'
( cd /public2/home/tsinghuazhangff/tsinghuazhangh/yicongh/exps/x.WRF-CHEM.SSM/x.WRF-CHEM.SSM.4BIN.HIGH-NOx.DIFFg/external/esmf_time_f90 ; \
          make -j em_real FC="ifort -real-size `expr 8 \* 4` -i4  -ip -fp-model precise -w -ftz -align all -fno-alias -FR -convert big_endian  " RANLIB="ranlib" \
          CPP="/lib/cpp -P -nostdinc -I/public2/home/tsinghuazhangff/tsinghuazhangh/yicongh/exps/x.WRF-CHEM.SSM/x.WRF-CHEM.SSM.4BIN.HIGH-NOx.DIFFg/inc -I. -DEM_CORE=1 -DNMM_CORE=0 -DNMM_MAX_DIM=2600 -DDA_CORE=0 -DWRFPLUS=0 -DIWORDSIZE=4 -DDWORDSIZE=8 -DRWORDSIZE=4 -DLWORDSIZE=4 -DNONSTANDARD_SYSTEM_FUNC  -DWRF_USE_CLM  -DDM_PARALLEL -DNETCDF -DLANDREAD_STUB=1 -DUSE_ALLOCATABLES -Dwrfmodel -DGRIB1 -DINTIO -DKEEP_INT_AROUND -DLIMIT_ARGS -DBUILD_RRTMG_FAST=1 -DSHOW_ALL_VARS_USED=0 -DCONFIG_BUF_LEN=65536 -DMAX_DOMAINS_F=21 -DMAX_HISTORY=25 -DNMM_NEST=0 -traditional-cpp" AR="ar" ARFLAGS="ru" )
make[3]: Entering directory `/public2/home/tsinghuazhangff/tsinghuazhangh/yicongh/exps/x.WRF-CHEM.SSM/x.WRF-CHEM.SSM.4BIN.HIGH-NOx.DIFFg/external/esmf_time_f90'
make[3]: Leaving directory `/public2/home/tsinghuazhangff/tsinghuazhangh/yicongh/exps/x.WRF-CHEM.SSM/x.WRF-CHEM.SSM.4BIN.HIGH-NOx.DIFFg/external/esmf_time_f90'
( cd /public2/home/tsinghuazhangff/tsinghuazhangh/yicongh/exps/x.WRF-CHEM.SSM/x.WRF-CHEM.SSM.4BIN.HIGH-NOx.DIFFg/external/io_netcdf ; \
          make -j em_real NETCDFPATH="/public/software/mathlib/netcdf/4.7.1/impi_pnetcdf" RANLIB="ranlib" CPP="/lib/cpp -P -nostdinc" \
          CC="icc" CFLAGS="-w -O3 -ip  -DDM_PARALLEL -DLANDREAD_STUB=1 -DMAX_HISTORY=25 -DNMM_CORE=0" \
          FC="ifort -real-size `expr 8 \* 4` -i4  -O3 -ip -fp-model precise -w -ftz -align all -fno-alias -FR -convert big_endian  " TRADFLAG="-traditional-cpp" AR="ar" ARFLAGS="ru" )
make[3]: Entering directory `/public2/home/tsinghuazhangff/tsinghuazhangh/yicongh/exps/x.WRF-CHEM.SSM/x.WRF-CHEM.SSM.4BIN.HIGH-NOx.DIFFg/external/io_netcdf'
make[3]: Leaving directory `/public2/home/tsinghuazhangff/tsinghuazhangh/yicongh/exps/x.WRF-CHEM.SSM/x.WRF-CHEM.SSM.4BIN.HIGH-NOx.DIFFg/external/io_netcdf'
( cd /public2/home/tsinghuazhangff/tsinghuazhangh/yicongh/exps/x.WRF-CHEM.SSM/x.WRF-CHEM.SSM.4BIN.HIGH-NOx.DIFFg/external/ioapi_share ; \
          make -i -r NATIVE_RWORDSIZE="4" RWORDSIZE="4" AR="ar" ARFLAGS="ru" )
make[3]: Entering directory `/public2/home/tsinghuazhangff/tsinghuazhangh/yicongh/exps/x.WRF-CHEM.SSM/x.WRF-CHEM.SSM.4BIN.HIGH-NOx.DIFFg/external/ioapi_share'
make[3]: Nothing to be done for `all'.
make[3]: Leaving directory `/public2/home/tsinghuazhangff/tsinghuazhangh/yicongh/exps/x.WRF-CHEM.SSM/x.WRF-CHEM.SSM.4BIN.HIGH-NOx.DIFFg/external/ioapi_share'
( cd /public2/home/tsinghuazhangff/tsinghuazhangh/yicongh/exps/x.WRF-CHEM.SSM/x.WRF-CHEM.SSM.4BIN.HIGH-NOx.DIFFg/external/io_grib_share ; \
          make -j em_real CC="icc" CFLAGS="-w -O3 -ip  -DDM_PARALLEL -DLANDREAD_STUB=1 -DMAX_HISTORY=25 -DNMM_CORE=0" RM="rm -f" RANLIB="ranlib" CPP="/lib/cpp -P -nostdinc" \
          FC="ifort -real-size `expr 8 \* 4` -i4 -I.  -ip -fp-model precise -w -ftz -align all -fno-alias -FR -convert big_endian   " TRADFLAG="-traditional-cpp" AR="ar" ARFLAGS="ru" archive) 
make[3]: Entering directory `/public2/home/tsinghuazhangff/tsinghuazhangh/yicongh/exps/x.WRF-CHEM.SSM/x.WRF-CHEM.SSM.4BIN.HIGH-NOx.DIFFg/external/io_grib_share'
make[3]: Leaving directory `/public2/home/tsinghuazhangff/tsinghuazhangh/yicongh/exps/x.WRF-CHEM.SSM/x.WRF-CHEM.SSM.4BIN.HIGH-NOx.DIFFg/external/io_grib_share'
( cd /public2/home/tsinghuazhangff/tsinghuazhangh/yicongh/exps/x.WRF-CHEM.SSM/x.WRF-CHEM.SSM.4BIN.HIGH-NOx.DIFFg/external/io_grib1 ; \
          make -j em_real CC="icc" CFLAGS="-w -O3 -ip  -DDM_PARALLEL -DLANDREAD_STUB=1 -DMAX_HISTORY=25 -DNMM_CORE=0" RM="rm -f" RANLIB="ranlib" CPP="/lib/cpp -P -nostdinc" \
          FC="ifort -real-size `expr 8 \* 4` -i4 -I.  -ip -fp-model precise -w -ftz -align all -fno-alias -FR -convert big_endian   " TRADFLAG="-traditional-cpp" AR="ar" ARFLAGS="ru" archive)
make[3]: Entering directory `/public2/home/tsinghuazhangff/tsinghuazhangh/yicongh/exps/x.WRF-CHEM.SSM/x.WRF-CHEM.SSM.4BIN.HIGH-NOx.DIFFg/external/io_grib1'
make[3]: Leaving directory `/public2/home/tsinghuazhangff/tsinghuazhangh/yicongh/exps/x.WRF-CHEM.SSM/x.WRF-CHEM.SSM.4BIN.HIGH-NOx.DIFFg/external/io_grib1'
( cd /public2/home/tsinghuazhangff/tsinghuazhangh/yicongh/exps/x.WRF-CHEM.SSM/x.WRF-CHEM.SSM.4BIN.HIGH-NOx.DIFFg/external/io_int ; \
          make -j em_real CC="mpiicc   " CFLAGS_LOCAL="-w -O3 -ip " RM="rm -f" RANLIB="ranlib" CPP="/lib/cpp -P -nostdinc" \
          FC="time mpiifort  -real-size `expr 8 \* 4` -i4  -ip -fp-model precise -w -ftz -align all -fno-alias -FR -convert big_endian   " FGREP="fgrep -iq" \
          TRADFLAG="-traditional-cpp" AR="ar" ARFLAGS="ru" ARCHFLAGS="-DEM_CORE=1 -DNMM_CORE=0 -DNMM_MAX_DIM=2600 -DDA_CORE=0 -DWRFPLUS=0 -DIWORDSIZE=4 -DDWORDSIZE=8 -DRWORDSIZE=4 -DLWORDSIZE=4 -DNONSTANDARD_SYSTEM_FUNC  -DWRF_USE_CLM  -DDM_PARALLEL -DNETCDF -DLANDREAD_STUB=1 -DUSE_ALLOCATABLES -Dwrfmodel -DGRIB1 -DINTIO -DKEEP_INT_AROUND -DLIMIT_ARGS -DBUILD_RRTMG_FAST=1 -DSHOW_ALL_VARS_USED=0 -DCONFIG_BUF_LEN=65536 -DMAX_DOMAINS_F=21 -DMAX_HISTORY=25 -DNMM_NEST=0" all )
make[3]: Entering directory `/public2/home/tsinghuazhangff/tsinghuazhangh/yicongh/exps/x.WRF-CHEM.SSM/x.WRF-CHEM.SSM.4BIN.HIGH-NOx.DIFFg/external/io_int'
make[3]: Leaving directory `/public2/home/tsinghuazhangff/tsinghuazhangh/yicongh/exps/x.WRF-CHEM.SSM/x.WRF-CHEM.SSM.4BIN.HIGH-NOx.DIFFg/external/io_int'
( cd /public2/home/tsinghuazhangff/tsinghuazhangh/yicongh/exps/x.WRF-CHEM.SSM/x.WRF-CHEM.SSM.4BIN.HIGH-NOx.DIFFg/external/fftpack/fftpack5 ; \
          make -j em_real FC="ifort" FFLAGS="-real-size `expr 8 \* 4` -i4  -ip -fp-model precise -w -ftz -align all -fno-alias -FR -convert big_endian  " RANLIB="ranlib" AR="ar" \
          ARFLAGS="ru" CPP="/lib/cpp -P -nostdinc" CPPFLAGS="-DEM_CORE=1 -DNMM_CORE=0 -DNMM_MAX_DIM=2600 -DDA_CORE=0 -DWRFPLUS=0 -DIWORDSIZE=4 -DDWORDSIZE=8 -DRWORDSIZE=4 -DLWORDSIZE=4 -DNONSTANDARD_SYSTEM_FUNC  -DWRF_USE_CLM  -DDM_PARALLEL -DNETCDF -DLANDREAD_STUB=1 -DUSE_ALLOCATABLES -Dwrfmodel -DGRIB1 -DINTIO -DKEEP_INT_AROUND -DLIMIT_ARGS -DBUILD_RRTMG_FAST=1 -DSHOW_ALL_VARS_USED=0 -DCONFIG_BUF_LEN=65536 -DMAX_DOMAINS_F=21 -DMAX_HISTORY=25 -DNMM_NEST=0 -DWRF_CHEM -DBUILD_CHEM=1 -DWRF_KPP -I. -traditional-cpp " RM="rm -f" )
make[3]: Entering directory `/public2/home/tsinghuazhangff/tsinghuazhangh/yicongh/exps/x.WRF-CHEM.SSM/x.WRF-CHEM.SSM.4BIN.HIGH-NOx.DIFFg/external/fftpack/fftpack5'
make[3]: Leaving directory `/public2/home/tsinghuazhangff/tsinghuazhangh/yicongh/exps/x.WRF-CHEM.SSM/x.WRF-CHEM.SSM.4BIN.HIGH-NOx.DIFFg/external/fftpack/fftpack5'
( if [ ! -e /public2/home/tsinghuazhangff/tsinghuazhangh/yicongh/exps/x.WRF-CHEM.SSM/x.WRF-CHEM.SSM.4BIN.HIGH-NOx.DIFFg/tools/gen_comms.c ] ; then \
          /bin/cp /public2/home/tsinghuazhangff/tsinghuazhangh/yicongh/exps/x.WRF-CHEM.SSM/x.WRF-CHEM.SSM.4BIN.HIGH-NOx.DIFFg/tools/gen_comms_warning /public2/home/tsinghuazhangff/tsinghuazhangh/yicongh/exps/x.WRF-CHEM.SSM/x.WRF-CHEM.SSM.4BIN.HIGH-NOx.DIFFg/tools/gen_comms.c ; \
          cat /public2/home/tsinghuazhangff/tsinghuazhangh/yicongh/exps/x.WRF-CHEM.SSM/x.WRF-CHEM.SSM.4BIN.HIGH-NOx.DIFFg/external/RSL_LITE/gen_comms.c >> /public2/home/tsinghuazhangff/tsinghuazhangh/yicongh/exps/x.WRF-CHEM.SSM/x.WRF-CHEM.SSM.4BIN.HIGH-NOx.DIFFg/tools/gen_comms.c ; fi )
( if [ ! -e module_dm.F ] ; then /bin/cp module_dm_warning module_dm.F ; \
          cat /public2/home/tsinghuazhangff/tsinghuazhangh/yicongh/exps/x.WRF-CHEM.SSM/x.WRF-CHEM.SSM.4BIN.HIGH-NOx.DIFFg/external/RSL_LITE/module_dm.F >> module_dm.F ; fi )
make[2]: Leaving directory `/public2/home/tsinghuazhangff/tsinghuazhangh/yicongh/exps/x.WRF-CHEM.SSM/x.WRF-CHEM.SSM.4BIN.HIGH-NOx.DIFFg/frame'
make[1]: Leaving directory `/public2/home/tsinghuazhangff/tsinghuazhangh/yicongh/exps/x.WRF-CHEM.SSM/x.WRF-CHEM.SSM.4BIN.HIGH-NOx.DIFFg'
make[1]: Entering directory `/public2/home/tsinghuazhangff/tsinghuazhangh/yicongh/exps/x.WRF-CHEM.SSM/x.WRF-CHEM.SSM.4BIN.HIGH-NOx.DIFFg'
if [ 0 -eq 0 ] ; then \
  ( cd tools ; make -i -r CC_TOOLS_CFLAGS="-DNMM_CORE=0" CC_TOOLS="icc  -DIWORDSIZE=4 -DMAX_HISTORY=25" ) ; \
else \
  ( cd tools ; make -i -r CC_TOOLS_CFLAGS="-DNMM_CORE=0" CC_TOOLS="icc  -DIWORDSIZE=4 -DMAX_HISTORY=25 -DWRFPLUS=1" ) ; \
fi
make[2]: Entering directory `/public2/home/tsinghuazhangff/tsinghuazhangh/yicongh/exps/x.WRF-CHEM.SSM/x.WRF-CHEM.SSM.4BIN.HIGH-NOx.DIFFg/tools'

[1;33min /public2/home/tsinghuazhangff/tsinghuazhangh/yicongh/exps/x.WRF-CHEM.SSM/x.WRF-CHEM.SSM.4BIN.HIGH-NOx.DIFFg/tools[0m

/usr/bin/cc
-DNMM_CORE=0

make[2]: Leaving directory `/public2/home/tsinghuazhangff/tsinghuazhangh/yicongh/exps/x.WRF-CHEM.SSM/x.WRF-CHEM.SSM.4BIN.HIGH-NOx.DIFFg/tools'
make[1]: Leaving directory `/public2/home/tsinghuazhangff/tsinghuazhangh/yicongh/exps/x.WRF-CHEM.SSM/x.WRF-CHEM.SSM.4BIN.HIGH-NOx.DIFFg'
make[1]: Entering directory `/public2/home/tsinghuazhangff/tsinghuazhangh/yicongh/exps/x.WRF-CHEM.SSM/x.WRF-CHEM.SSM.4BIN.HIGH-NOx.DIFFg'
make[2]: Entering directory `/public2/home/tsinghuazhangff/tsinghuazhangh/yicongh/exps/x.WRF-CHEM.SSM/x.WRF-CHEM.SSM.4BIN.HIGH-NOx.DIFFg/frame'
make[2]: Leaving directory `/public2/home/tsinghuazhangff/tsinghuazhangh/yicongh/exps/x.WRF-CHEM.SSM/x.WRF-CHEM.SSM.4BIN.HIGH-NOx.DIFFg/frame'
make[2]: Entering directory `/public2/home/tsinghuazhangff/tsinghuazhangh/yicongh/exps/x.WRF-CHEM.SSM/x.WRF-CHEM.SSM.4BIN.HIGH-NOx.DIFFg/external/io_netcdf'
make[2]: `diffwrf' is up to date.
make[2]: Leaving directory `/public2/home/tsinghuazhangff/tsinghuazhangh/yicongh/exps/x.WRF-CHEM.SSM/x.WRF-CHEM.SSM.4BIN.HIGH-NOx.DIFFg/external/io_netcdf'
make[2]: Entering directory `/public2/home/tsinghuazhangff/tsinghuazhangh/yicongh/exps/x.WRF-CHEM.SSM/x.WRF-CHEM.SSM.4BIN.HIGH-NOx.DIFFg/external/io_netcdf'
make[2]: Nothing to be done for `all'.
make[2]: Leaving directory `/public2/home/tsinghuazhangff/tsinghuazhangh/yicongh/exps/x.WRF-CHEM.SSM/x.WRF-CHEM.SSM.4BIN.HIGH-NOx.DIFFg/external/io_netcdf'
make[2]: Entering directory `/public2/home/tsinghuazhangff/tsinghuazhangh/yicongh/exps/x.WRF-CHEM.SSM/x.WRF-CHEM.SSM.4BIN.HIGH-NOx.DIFFg/external/io_int'
make[2]: `diffwrf' is up to date.
make[2]: Leaving directory `/public2/home/tsinghuazhangff/tsinghuazhangh/yicongh/exps/x.WRF-CHEM.SSM/x.WRF-CHEM.SSM.4BIN.HIGH-NOx.DIFFg/external/io_int'
make[1]: Leaving directory `/public2/home/tsinghuazhangff/tsinghuazhangh/yicongh/exps/x.WRF-CHEM.SSM/x.WRF-CHEM.SSM.4BIN.HIGH-NOx.DIFFg'
make[1]: Entering directory `/public2/home/tsinghuazhangff/tsinghuazhangh/yicongh/exps/x.WRF-CHEM.SSM/x.WRF-CHEM.SSM.4BIN.HIGH-NOx.DIFFg'
make[2]: Entering directory `/public2/home/tsinghuazhangff/tsinghuazhangh/yicongh/exps/x.WRF-CHEM.SSM/x.WRF-CHEM.SSM.4BIN.HIGH-NOx.DIFFg/share'
make[2]: Leaving directory `/public2/home/tsinghuazhangff/tsinghuazhangh/yicongh/exps/x.WRF-CHEM.SSM/x.WRF-CHEM.SSM.4BIN.HIGH-NOx.DIFFg/share'
make[1]: Leaving directory `/public2/home/tsinghuazhangff/tsinghuazhangh/yicongh/exps/x.WRF-CHEM.SSM/x.WRF-CHEM.SSM.4BIN.HIGH-NOx.DIFFg'
make[1]: Entering directory `/public2/home/tsinghuazhangff/tsinghuazhangh/yicongh/exps/x.WRF-CHEM.SSM/x.WRF-CHEM.SSM.4BIN.HIGH-NOx.DIFFg/source/so.SS-MOSAIC'

[1;33min /public2/home/tsinghuazhangff/tsinghuazhangh/yicongh/exps/x.WRF-CHEM.SSM/x.WRF-CHEM.SSM.4BIN.HIGH-NOx.DIFFg/source/so.SS-MOSAIC :[0m

[1;33mmaking...[0m param.ss_mosaic.o
[1;33mmaking...[0m sub.map_inout.o
[1;33mmaking...[0m sub.step_soacond.o
[1;33mmaking...[0m sub.step_olig.o
[1;33mmaking...[0m sub.step_hetchem.o
[1;33mmaking...[0m sub.step_gaschem.o
[1;33mmaking...[0m main.ss_mosaic.o

[1;33marchiving...[0m
main.ss_mosaic.o     param.ss_mosaic.o    sub.step_soacond.o   sub.map_inout.o     
sub.step_olig.o      sub.step_hetchem.o   sub.step_gaschem.o                       

make[1]: Leaving directory `/public2/home/tsinghuazhangff/tsinghuazhangh/yicongh/exps/x.WRF-CHEM.SSM/x.WRF-CHEM.SSM.4BIN.HIGH-NOx.DIFFg/source/so.SS-MOSAIC'
make[1]: Entering directory `/public2/home/tsinghuazhangff/tsinghuazhangh/yicongh/exps/x.WRF-CHEM.SSM/x.WRF-CHEM.SSM.4BIN.HIGH-NOx.DIFFg'
--------------------------------------
if [ 1  -eq 0 ] ; then \
	( cd phys ; make -i -r CF2=" " ) ; \
else \
	( cd phys ; make -i -r CF2="../chem/module_data_mosaic_asect.o" ) ; \
fi
make[2]: Entering directory `/public2/home/tsinghuazhangff/tsinghuazhangh/yicongh/exps/x.WRF-CHEM.SSM/x.WRF-CHEM.SSM.4BIN.HIGH-NOx.DIFFg/phys'
if [ 0 -eq 1 ] ; then \
                  make -i -r -j em_real nmm_contrib  ; \
                  ar ru ../main/libwrflib.a module_cam_shr_kind_mod.o module_cam_support.o module_cam_shr_const_mod.o module_cam_physconst.o module_cam_cldwat.o module_cam_wv_saturation.o module_cam_esinti.o module_cam_gffgch.o module_cam_error_function.o module_cam_constituents.o module_cam_trb_mtn_stress.o module_cam_molec_diff.o module_cam_upper_bc.o module_cam_bl_diffusion_solver.o module_cam_bl_eddy_diff.o module_cam_mp_microp_aero.o module_cam_mp_cldwat2m_micro.o module_cam_mp_ndrop.o module_cam_mp_modal_aero_initialize_data_phys.o module_cam_mp_radconstants.o module_cam_mp_conv_water.o module_cam_mp_qneg3.o module_data_cam_mam_aero.o module_data_cam_mam_asect.o module_cam_infnan.o  module_bl_ysu.o module_bl_shinhong.o module_bl_mrf.o module_bl_gfs.o module_bl_gfsedmf.o module_bl_myjpbl.o module_bl_qnsepbl.o module_bl_acm.o module_bl_mynn.o module_bl_fogdes.o module_bl_gwdo.o module_bl_myjurb.o module_bl_boulac.o module_checkerror.o module_bl_camuwpbl_driver.o module_bl_mfshconvpbl.o module_shcu_camuwshcu_driver.o module_shcu_camuwshcu.o module_shcu_deng.o module_shcu_grims.o module_shcu_nscv.o module_cu_camzm_driver.o module_cu_camzm.o module_bl_temf.o module_bl_gbmpbl.o module_cu_g3.o module_cu_kf.o module_cu_bmj.o module_cu_kfeta.o module_cu_mskf.o module_cu_tiedtke.o module_cu_ntiedtke.o module_cu_gd.o module_cu_gf_wrfdrv.o module_cu_gf_deep.o module_cu_gf_sh.o module_cu_ksas.o module_cu_nsas.o module_cu_sas.o module_gocart_coupling.o module_cu_scalesas.o module_cu_osas.o module_cu_kfcup.o module_mp_radar.o module_mp_kessler.o module_mp_lin.o module_mp_sbu_ylin.o module_mp_wsm3.o module_mp_wsm5.o module_mp_wsm6.o module_mp_wsm7.o module_mp_etanew.o module_mp_fer_hires.o module_mp_HWRF.o module_mp_thompson.o module_mp_full_sbm.o module_mp_fast_sbm.o module_ltng_lpi.o module_mp_gsfcgce.o module_mp_gsfcgce_4ice_nuwrf.o module_mp_morr_two_moment.o module_mp_p3.o module_mp_jensen_ishmael.o module_mp_morr_two_moment_aero.o module_mp_milbrandt2mom.o module_mp_nssl_2mom.o module_mp_wdm5.o module_mp_wdm6.o module_mp_wdm7.o module_mp_cammgmp_driver.o module_sbm_mosaic_ikj.o module_ra_sw.o module_ra_clWRF_support.o module_ra_gsfcsw.o module_ra_goddard.o module_ra_effective_radius.o module_ra_rrtm.o module_ra_rrtmg_lw.o module_ra_rrtmg_sw.o module_ra_rrtmg_lwf.o module_ra_rrtmg_swf.o module_ra_rrtmg_lwk.o module_ra_rrtmg_swk.o module_ra_cam_support.o module_ra_cam.o module_ra_gfdleta.o module_ra_flg.o module_ra_HWRF.o module_ra_hs.o module_ra_aerosol.o module_sf_sfclay.o module_sf_sfclayrev.o module_sf_gfs.o module_sf_exchcoef.o module_sf_gfdl.o module_sf_slab.o module_sf_noahdrv.o module_sf_noahlsm.o module_sf_clm.o module_sf_ssib.o module_sf_noah_seaice.o module_sf_noah_seaice_drv.o module_sf_noahlsm_glacial_only.o module_sf_noahmp_groundwater.o module_sf_gecros.o module_sf_noahmpdrv.o module_sf_noahmplsm.o module_sf_noahmp_glacier.o module_sf_urban.o module_sf_bep.o module_sf_bep_bem.o module_sf_bem.o module_sf_pxlsm.o module_sf_pxlsm_data.o module_sf_ruclsm.o module_sf_sfcdiags.o module_sf_sfcdiags_ruclsm.o module_sf_sstskin.o module_sf_tmnupdate.o module_sf_ocean_driver.o module_sf_oml.o module_sf_3dpwp.o module_sf_myjsfc.o module_sf_qnsesfc.o module_sf_mynn.o module_sf_fogdes.o module_sf_pxsfclay.o module_sf_temfsfclay.o module_sf_idealscmsfclay.o module_sf_scmflux.o module_sf_scmskintemp.o module_physics_addtendc.o module_physics_init.o module_gfs_machine.o module_gfs_funcphys.o module_gfs_physcons.o module_progtm.o module_pbl_driver.o module_data_gocart_dust.o module_dust_emis.o module_cumulus_driver.o module_shallowcu_driver.o module_microphysics_driver.o module_microphysics_zero_out.o module_mixactivate.o module_radiation_driver.o module_surface_driver.o module_plumeheat_driver.o module_lightning_driver.o module_ltng_cpmpr92z.o module_ltng_crmpr92.o module_ltng_iccg.o module_fdda_psufddagd.o module_fdda_spnudging.o module_fddagd_driver.o module_fddaobs_rtfdda.o module_fddaobs_driver.o module_wind_fitch.o module_sf_lake.o module_diagnostics_driver.o  \
                                     \
                                   module_diag_refl.o ; \
                else                                                         \
                  make -i -r -j em_real non_nmm      ; \
                  ar ru ../main/libwrflib.a module_cam_shr_kind_mod.o module_cam_support.o module_cam_shr_const_mod.o module_cam_physconst.o module_cam_cldwat.o module_cam_wv_saturation.o module_cam_esinti.o module_cam_gffgch.o module_cam_error_function.o module_cam_constituents.o module_cam_trb_mtn_stress.o module_cam_molec_diff.o module_cam_upper_bc.o module_cam_bl_diffusion_solver.o module_cam_bl_eddy_diff.o module_cam_mp_microp_aero.o module_cam_mp_cldwat2m_micro.o module_cam_mp_ndrop.o module_cam_mp_modal_aero_initialize_data_phys.o module_cam_mp_radconstants.o module_cam_mp_conv_water.o module_cam_mp_qneg3.o module_data_cam_mam_aero.o module_data_cam_mam_asect.o module_cam_infnan.o  module_bl_ysu.o module_bl_shinhong.o module_bl_mrf.o module_bl_gfs.o module_bl_gfsedmf.o module_bl_myjpbl.o module_bl_qnsepbl.o module_bl_acm.o module_bl_mynn.o module_bl_fogdes.o module_bl_gwdo.o module_bl_myjurb.o module_bl_boulac.o module_checkerror.o module_bl_camuwpbl_driver.o module_bl_mfshconvpbl.o module_shcu_camuwshcu_driver.o module_shcu_camuwshcu.o module_shcu_deng.o module_shcu_grims.o module_shcu_nscv.o module_cu_camzm_driver.o module_cu_camzm.o module_bl_temf.o module_bl_gbmpbl.o module_cu_g3.o module_cu_kf.o module_cu_bmj.o module_cu_kfeta.o module_cu_mskf.o module_cu_tiedtke.o module_cu_ntiedtke.o module_cu_gd.o module_cu_gf_wrfdrv.o module_cu_gf_deep.o module_cu_gf_sh.o module_cu_ksas.o module_cu_nsas.o module_cu_sas.o module_gocart_coupling.o module_cu_scalesas.o module_cu_osas.o module_cu_kfcup.o module_mp_radar.o module_mp_kessler.o module_mp_lin.o module_mp_sbu_ylin.o module_mp_wsm3.o module_mp_wsm5.o module_mp_wsm6.o module_mp_wsm7.o module_mp_etanew.o module_mp_fer_hires.o module_mp_HWRF.o module_mp_thompson.o module_mp_full_sbm.o module_mp_fast_sbm.o module_ltng_lpi.o module_mp_gsfcgce.o module_mp_gsfcgce_4ice_nuwrf.o module_mp_morr_two_moment.o module_mp_p3.o module_mp_jensen_ishmael.o module_mp_morr_two_moment_aero.o module_mp_milbrandt2mom.o module_mp_nssl_2mom.o module_mp_wdm5.o module_mp_wdm6.o module_mp_wdm7.o module_mp_cammgmp_driver.o module_sbm_mosaic_ikj.o module_ra_sw.o module_ra_clWRF_support.o module_ra_gsfcsw.o module_ra_goddard.o module_ra_effective_radius.o module_ra_rrtm.o module_ra_rrtmg_lw.o module_ra_rrtmg_sw.o module_ra_rrtmg_lwf.o module_ra_rrtmg_swf.o module_ra_rrtmg_lwk.o module_ra_rrtmg_swk.o module_ra_cam_support.o module_ra_cam.o module_ra_gfdleta.o module_ra_flg.o module_ra_HWRF.o module_ra_hs.o module_ra_aerosol.o module_sf_sfclay.o module_sf_sfclayrev.o module_sf_gfs.o module_sf_exchcoef.o module_sf_gfdl.o module_sf_slab.o module_sf_noahdrv.o module_sf_noahlsm.o module_sf_clm.o module_sf_ssib.o module_sf_noah_seaice.o module_sf_noah_seaice_drv.o module_sf_noahlsm_glacial_only.o module_sf_noahmp_groundwater.o module_sf_gecros.o module_sf_noahmpdrv.o module_sf_noahmplsm.o module_sf_noahmp_glacier.o module_sf_urban.o module_sf_bep.o module_sf_bep_bem.o module_sf_bem.o module_sf_pxlsm.o module_sf_pxlsm_data.o module_sf_ruclsm.o module_sf_sfcdiags.o module_sf_sfcdiags_ruclsm.o module_sf_sstskin.o module_sf_tmnupdate.o module_sf_ocean_driver.o module_sf_oml.o module_sf_3dpwp.o module_sf_myjsfc.o module_sf_qnsesfc.o module_sf_mynn.o module_sf_fogdes.o module_sf_pxsfclay.o module_sf_temfsfclay.o module_sf_idealscmsfclay.o module_sf_scmflux.o module_sf_scmskintemp.o module_physics_addtendc.o module_physics_init.o module_gfs_machine.o module_gfs_funcphys.o module_gfs_physcons.o module_progtm.o module_pbl_driver.o module_data_gocart_dust.o module_dust_emis.o module_cumulus_driver.o module_shallowcu_driver.o module_microphysics_driver.o module_microphysics_zero_out.o module_mixactivate.o module_radiation_driver.o module_surface_driver.o module_plumeheat_driver.o module_lightning_driver.o module_ltng_cpmpr92z.o module_ltng_crmpr92.o module_ltng_iccg.o module_fdda_psufddagd.o module_fdda_spnudging.o module_fddagd_driver.o module_fddaobs_rtfdda.o module_fddaobs_driver.o module_wind_fitch.o module_sf_lake.o module_diagnostics_driver.o  \
                                   module_fr_fire_driver.o module_fr_fire_driver_wrf.o module_fr_fire_atm.o module_fr_fire_model.o module_fr_fire_core.o module_fr_fire_phys.o module_fr_fire_util.o \
                                   module_diag_afwa.o module_diag_cl.o module_diag_functions.o module_diag_hailcast.o module_diag_misc.o module_diag_rasm.o module_diag_pld.o module_diag_zld.o module_diag_trad_fields.o  ; \
                fi
make[3]: Entering directory `/public2/home/tsinghuazhangff/tsinghuazhangh/yicongh/exps/x.WRF-CHEM.SSM/x.WRF-CHEM.SSM.4BIN.HIGH-NOx.DIFFg/phys'
make[3]: Leaving directory `/public2/home/tsinghuazhangff/tsinghuazhangh/yicongh/exps/x.WRF-CHEM.SSM/x.WRF-CHEM.SSM.4BIN.HIGH-NOx.DIFFg/phys'
make[2]: Leaving directory `/public2/home/tsinghuazhangff/tsinghuazhangh/yicongh/exps/x.WRF-CHEM.SSM/x.WRF-CHEM.SSM.4BIN.HIGH-NOx.DIFFg/phys'
make[1]: Leaving directory `/public2/home/tsinghuazhangff/tsinghuazhangh/yicongh/exps/x.WRF-CHEM.SSM/x.WRF-CHEM.SSM.4BIN.HIGH-NOx.DIFFg'
make[1]: Entering directory `/public2/home/tsinghuazhangff/tsinghuazhangh/yicongh/exps/x.WRF-CHEM.SSM/x.WRF-CHEM.SSM.4BIN.HIGH-NOx.DIFFg'
--------------------------------------
if [ 1 -eq 1 ] ; then ( cd chem ; make -i -r ) ; fi
make[2]: Entering directory `/public2/home/tsinghuazhangff/tsinghuazhangh/yicongh/exps/x.WRF-CHEM.SSM/x.WRF-CHEM.SSM.4BIN.HIGH-NOx.DIFFg/chem'
rm -f emissions_driver.o
sed -e "s/^\!.*'.*//" -e "s/^ *\!.*'.*//" emissions_driver.F > emissions_driver.G
/lib/cpp -P -nostdinc -I/public2/home/tsinghuazhangff/tsinghuazhangh/yicongh/exps/x.WRF-CHEM.SSM/x.WRF-CHEM.SSM.4BIN.HIGH-NOx.DIFFg/inc -DEM_CORE=1 -DNMM_CORE=0 -DNMM_MAX_DIM=2600 -DDA_CORE=0 -DWRFPLUS=0 -DIWORDSIZE=4 -DDWORDSIZE=8 -DRWORDSIZE=4 -DLWORDSIZE=4 -DNONSTANDARD_SYSTEM_FUNC  -DWRF_USE_CLM  -DDM_PARALLEL -DNETCDF -DLANDREAD_STUB=1 -DUSE_ALLOCATABLES -Dwrfmodel -DGRIB1 -DINTIO -DKEEP_INT_AROUND -DLIMIT_ARGS -DBUILD_RRTMG_FAST=1 -DSHOW_ALL_VARS_USED=0 -DCONFIG_BUF_LEN=65536 -DMAX_DOMAINS_F=21 -DMAX_HISTORY=25 -DNMM_NEST=0 -DWRF_CHEM -DBUILD_CHEM=1 -DWRF_KPP -I. -traditional-cpp   emissions_driver.G  > emissions_driver.bb
/public2/home/tsinghuazhangff/tsinghuazhangh/yicongh/exps/x.WRF-CHEM.SSM/x.WRF-CHEM.SSM.4BIN.HIGH-NOx.DIFFg/tools/standard.exe emissions_driver.bb | /lib/cpp -P -nostdinc -traditional-cpp > emissions_driver.f90
rm -f emissions_driver.G emissions_driver.bb
time mpiifort  -o emissions_driver.o -c -O3 -ip -fp-model precise -w -ftz -align all -fno-alias -FR -convert big_endian    -I../dyn_em -I../dyn_nmm  -I/public2/home/tsinghuazhangff/tsinghuazhangh/yicongh/exps/x.WRF-CHEM.SSM/x.WRF-CHEM.SSM.4BIN.HIGH-NOx.DIFFg/external/esmf_time_f90  -I/public2/home/tsinghuazhangff/tsinghuazhangh/yicongh/exps/x.WRF-CHEM.SSM/x.WRF-CHEM.SSM.4BIN.HIGH-NOx.DIFFg/main -I/public2/home/tsinghuazhangff/tsinghuazhangh/yicongh/exps/x.WRF-CHEM.SSM/x.WRF-CHEM.SSM.4BIN.HIGH-NOx.DIFFg/external/io_netcdf -I/public2/home/tsinghuazhangff/tsinghuazhangh/yicongh/exps/x.WRF-CHEM.SSM/x.WRF-CHEM.SSM.4BIN.HIGH-NOx.DIFFg/external/io_int -I/public2/home/tsinghuazhangff/tsinghuazhangh/yicongh/exps/x.WRF-CHEM.SSM/x.WRF-CHEM.SSM.4BIN.HIGH-NOx.DIFFg/frame -I/public2/home/tsinghuazhangff/tsinghuazhangh/yicongh/exps/x.WRF-CHEM.SSM/x.WRF-CHEM.SSM.4BIN.HIGH-NOx.DIFFg/share -I/public2/home/tsinghuazhangff/tsinghuazhangh/yicongh/exps/x.WRF-CHEM.SSM/x.WRF-CHEM.SSM.4BIN.HIGH-NOx.DIFFg/phys -I/public2/home/tsinghuazhangff/tsinghuazhangh/yicongh/exps/x.WRF-CHEM.SSM/x.WRF-CHEM.SSM.4BIN.HIGH-NOx.DIFFg/wrftladj -I/public2/home/tsinghuazhangff/tsinghuazhangh/yicongh/exps/x.WRF-CHEM.SSM/x.WRF-CHEM.SSM.4BIN.HIGH-NOx.DIFFg/chem -I/public2/home/tsinghuazhangff/tsinghuazhangh/yicongh/exps/x.WRF-CHEM.SSM/x.WRF-CHEM.SSM.4BIN.HIGH-NOx.DIFFg/inc -I/public/software/mathlib/netcdf/4.7.1/impi_pnetcdf/include  -real-size `expr 8 \* 4` -i4  emissions_driver.f90
rm -f chem_driver.o
sed -e "s/^\!.*'.*//" -e "s/^ *\!.*'.*//" chem_driver.F > chem_driver.G
/lib/cpp -P -nostdinc -I/public2/home/tsinghuazhangff/tsinghuazhangh/yicongh/exps/x.WRF-CHEM.SSM/x.WRF-CHEM.SSM.4BIN.HIGH-NOx.DIFFg/inc -DEM_CORE=1 -DNMM_CORE=0 -DNMM_MAX_DIM=2600 -DDA_CORE=0 -DWRFPLUS=0 -DIWORDSIZE=4 -DDWORDSIZE=8 -DRWORDSIZE=4 -DLWORDSIZE=4 -DNONSTANDARD_SYSTEM_FUNC  -DWRF_USE_CLM  -DDM_PARALLEL -DNETCDF -DLANDREAD_STUB=1 -DUSE_ALLOCATABLES -Dwrfmodel -DGRIB1 -DINTIO -DKEEP_INT_AROUND -DLIMIT_ARGS -DBUILD_RRTMG_FAST=1 -DSHOW_ALL_VARS_USED=0 -DCONFIG_BUF_LEN=65536 -DMAX_DOMAINS_F=21 -DMAX_HISTORY=25 -DNMM_NEST=0 -DWRF_CHEM -DBUILD_CHEM=1 -DWRF_KPP -I. -traditional-cpp   chem_driver.G  > chem_driver.bb
/public2/home/tsinghuazhangff/tsinghuazhangh/yicongh/exps/x.WRF-CHEM.SSM/x.WRF-CHEM.SSM.4BIN.HIGH-NOx.DIFFg/tools/standard.exe chem_driver.bb | /lib/cpp -P -nostdinc -traditional-cpp > chem_driver.f90
rm -f chem_driver.G chem_driver.bb
time mpiifort  -o chem_driver.o -c -O3 -ip -fp-model precise -w -ftz -align all -fno-alias -FR -convert big_endian    -I../dyn_em -I../dyn_nmm  -I/public2/home/tsinghuazhangff/tsinghuazhangh/yicongh/exps/x.WRF-CHEM.SSM/x.WRF-CHEM.SSM.4BIN.HIGH-NOx.DIFFg/external/esmf_time_f90  -I/public2/home/tsinghuazhangff/tsinghuazhangh/yicongh/exps/x.WRF-CHEM.SSM/x.WRF-CHEM.SSM.4BIN.HIGH-NOx.DIFFg/main -I/public2/home/tsinghuazhangff/tsinghuazhangh/yicongh/exps/x.WRF-CHEM.SSM/x.WRF-CHEM.SSM.4BIN.HIGH-NOx.DIFFg/external/io_netcdf -I/public2/home/tsinghuazhangff/tsinghuazhangh/yicongh/exps/x.WRF-CHEM.SSM/x.WRF-CHEM.SSM.4BIN.HIGH-NOx.DIFFg/external/io_int -I/public2/home/tsinghuazhangff/tsinghuazhangh/yicongh/exps/x.WRF-CHEM.SSM/x.WRF-CHEM.SSM.4BIN.HIGH-NOx.DIFFg/frame -I/public2/home/tsinghuazhangff/tsinghuazhangh/yicongh/exps/x.WRF-CHEM.SSM/x.WRF-CHEM.SSM.4BIN.HIGH-NOx.DIFFg/share -I/public2/home/tsinghuazhangff/tsinghuazhangh/yicongh/exps/x.WRF-CHEM.SSM/x.WRF-CHEM.SSM.4BIN.HIGH-NOx.DIFFg/phys -I/public2/home/tsinghuazhangff/tsinghuazhangh/yicongh/exps/x.WRF-CHEM.SSM/x.WRF-CHEM.SSM.4BIN.HIGH-NOx.DIFFg/wrftladj -I/public2/home/tsinghuazhangff/tsinghuazhangh/yicongh/exps/x.WRF-CHEM.SSM/x.WRF-CHEM.SSM.4BIN.HIGH-NOx.DIFFg/chem -I/public2/home/tsinghuazhangff/tsinghuazhangh/yicongh/exps/x.WRF-CHEM.SSM/x.WRF-CHEM.SSM.4BIN.HIGH-NOx.DIFFg/inc -I/public/software/mathlib/netcdf/4.7.1/impi_pnetcdf/include  -real-size `expr 8 \* 4` -i4  chem_driver.f90
ar ru ../main/libwrflib.a module_data_isrpia_data.o module_data_ISRPIA.o module_data_isrpia_asrc.o module_data_isrpia_solut.o module_data_isrpia_kmc198.o module_data_isrpia_kmc223.o module_data_isrpia_kmc248.o module_data_isrpia_kmc273.o module_data_isrpia_kmc298.o module_data_isrpia_kmc323.o module_data_isrpia_expnc.o module_data_isrpia_caseg.o module_data_isrpia_casej.o isofwd.o isorev.o isocom.o moduleHETDATA.o moduleHETAERO.o moduleAERODATA.o aerorate_so2.o module_aer_opt_out.o module_add_emiss_burn.o module_add_emis_cptec.o module_bioemi_beis314.o module_chem_utilities.o module_cmu_dvode_solver.o module_ctrans_aqchem.o module_data_cbmz.o module_data_cmu_bulkaqchem.o module_data_gocartchem.o module_data_gocart_seas.o module_data_mosaic_kind.o module_data_mosaic_constants.o module_data_mosaic_aero.o module_data_mosaic_main.o module_data_mosaic_asect.o module_data_mosaic_asecthp.o module_data_mosaic_boxmod.o module_data_mosaic_other.o module_data_mosaic_therm.o module_data_radm2.o module_data_rrtmgaeropt.o module_data_megan2.o module_data_soa_vbs.o module_data_sorgam.o module_data_sorgam_vbs.o module_kpp_gocartracm_Integr.o module_kpp_gocartracm_Precision.o module_kpp_gocartracm_Parameters.o module_kpp_gocartracm_Jacobian.o module_kpp_gocartracm_JacobianSP.o module_kpp_gocartracm_Update_Rconst.o module_kpp_gocartracm_interface.o module_kpp_racm_esrlsorg_aqchem_Integr.o module_kpp_racm_esrlsorg_aqchem_Precision.o module_kpp_racm_esrlsorg_aqchem_Parameters.o module_kpp_racm_esrlsorg_aqchem_Jacobian.o module_kpp_racm_esrlsorg_aqchem_JacobianSP.o module_kpp_racm_esrlsorg_aqchem_Update_Rconst.o module_kpp_racm_esrlsorg_aqchem_interface.o module_kpp_racm_Integr.o module_kpp_racm_Precision.o module_kpp_racm_Parameters.o module_kpp_racm_Jacobian.o module_kpp_racm_JacobianSP.o module_kpp_racm_Update_Rconst.o module_kpp_racm_interface.o module_kpp_racmsorg_Integr.o module_kpp_racmsorg_Precision.o module_kpp_racmsorg_Parameters.o module_kpp_racmsorg_Jacobian.o module_kpp_racmsorg_JacobianSP.o module_kpp_racmsorg_Update_Rconst.o module_kpp_racmsorg_interface.o module_kpp_racm_soa_vbs_aqchem_Integr.o module_kpp_racm_soa_vbs_aqchem_Precision.o module_kpp_racm_soa_vbs_aqchem_Parameters.o module_kpp_racm_soa_vbs_aqchem_Jacobian.o module_kpp_racm_soa_vbs_aqchem_JacobianSP.o module_kpp_racm_soa_vbs_aqchem_Update_Rconst.o module_kpp_racm_soa_vbs_aqchem_interface.o module_kpp_cbmz_bb_Integr.o module_kpp_cbmz_bb_Precision.o module_kpp_cbmz_bb_Parameters.o module_kpp_cbmz_bb_Jacobian.o module_kpp_cbmz_bb_JacobianSP.o module_kpp_cbmz_bb_Update_Rconst.o module_kpp_cbmz_bb_interface.o module_kpp_cb05_sorg_vbs_aq_Integr.o module_kpp_cb05_sorg_vbs_aq_Precision.o module_kpp_cb05_sorg_vbs_aq_Parameters.o module_kpp_cb05_sorg_vbs_aq_Jacobian.o module_kpp_cb05_sorg_vbs_aq_JacobianSP.o module_kpp_cb05_sorg_vbs_aq_Update_Rconst.o module_kpp_cb05_sorg_vbs_aq_interface.o module_kpp_mozcart_Integr.o module_kpp_mozcart_Precision.o module_kpp_mozcart_Parameters.o module_kpp_mozcart_Jacobian.o module_kpp_mozcart_JacobianSP.o module_kpp_mozcart_Update_Rconst.o module_kpp_mozcart_interface.o module_kpp_saprc99_mosaic_8bin_vbs2_Integr.o module_kpp_saprc99_mosaic_8bin_vbs2_Precision.o module_kpp_saprc99_mosaic_8bin_vbs2_Parameters.o module_kpp_saprc99_mosaic_8bin_vbs2_Jacobian.o module_kpp_saprc99_mosaic_8bin_vbs2_JacobianSP.o module_kpp_saprc99_mosaic_8bin_vbs2_Update_Rconst.o module_kpp_saprc99_mosaic_8bin_vbs2_interface.o module_kpp_mozart_Integr.o module_kpp_mozart_Precision.o module_kpp_mozart_Parameters.o module_kpp_mozart_Jacobian.o module_kpp_mozart_JacobianSP.o module_kpp_mozart_Update_Rconst.o module_kpp_mozart_interface.o module_kpp_nmhc9_Integr.o module_kpp_nmhc9_Precision.o module_kpp_nmhc9_Parameters.o module_kpp_nmhc9_Jacobian.o module_kpp_nmhc9_JacobianSP.o module_kpp_nmhc9_Update_Rconst.o module_kpp_nmhc9_interface.o module_kpp_saprc99_mosaic_20bin_vbs2_Integr.o module_kpp_saprc99_mosaic_20bin_vbs2_Precision.o module_kpp_saprc99_mosaic_20bin_vbs2_Parameters.o module_kpp_saprc99_mosaic_20bin_vbs2_Jacobian.o module_kpp_saprc99_mosaic_20bin_vbs2_JacobianSP.o module_kpp_saprc99_mosaic_20bin_vbs2_Update_Rconst.o module_kpp_saprc99_mosaic_20bin_vbs2_interface.o module_kpp_saprc99_mosaic_8bin_vbs2_aq_Integr.o module_kpp_saprc99_mosaic_8bin_vbs2_aq_Precision.o module_kpp_saprc99_mosaic_8bin_vbs2_aq_Parameters.o module_kpp_saprc99_mosaic_8bin_vbs2_aq_Jacobian.o module_kpp_saprc99_mosaic_8bin_vbs2_aq_JacobianSP.o module_kpp_saprc99_mosaic_8bin_vbs2_aq_Update_Rconst.o module_kpp_saprc99_mosaic_8bin_vbs2_aq_interface.o module_kpp_saprc99_mosaic_4bin_vbs2_Integr.o module_kpp_saprc99_mosaic_4bin_vbs2_Precision.o module_kpp_saprc99_mosaic_4bin_vbs2_Parameters.o module_kpp_saprc99_mosaic_4bin_vbs2_Jacobian.o module_kpp_saprc99_mosaic_4bin_vbs2_JacobianSP.o module_kpp_saprc99_mosaic_4bin_vbs2_Update_Rconst.o module_kpp_saprc99_mosaic_4bin_vbs2_interface.o module_kpp_racm_esrlsorg_Integr.o module_kpp_racm_esrlsorg_Precision.o module_kpp_racm_esrlsorg_Parameters.o module_kpp_racm_esrlsorg_Jacobian.o module_kpp_racm_esrlsorg_JacobianSP.o module_kpp_racm_esrlsorg_Update_Rconst.o module_kpp_racm_esrlsorg_interface.o module_kpp_racm_mim_Integr.o module_kpp_racm_mim_Precision.o module_kpp_racm_mim_Parameters.o module_kpp_racm_mim_Jacobian.o module_kpp_racm_mim_JacobianSP.o module_kpp_racm_mim_Update_Rconst.o module_kpp_racm_mim_interface.o module_kpp_racm_soa_vbs_Integr.o module_kpp_racm_soa_vbs_Precision.o module_kpp_racm_soa_vbs_Parameters.o module_kpp_racm_soa_vbs_Jacobian.o module_kpp_racm_soa_vbs_JacobianSP.o module_kpp_racm_soa_vbs_Update_Rconst.o module_kpp_racm_soa_vbs_interface.o module_kpp_radm2sorg_Integr.o module_kpp_radm2sorg_Precision.o module_kpp_radm2sorg_Parameters.o module_kpp_radm2sorg_Jacobian.o module_kpp_radm2sorg_JacobianSP.o module_kpp_radm2sorg_Update_Rconst.o module_kpp_radm2sorg_interface.o module_kpp_cri_mosaic_4bin_aq_Integr.o module_kpp_cri_mosaic_4bin_aq_Precision.o module_kpp_cri_mosaic_4bin_aq_Parameters.o module_kpp_cri_mosaic_4bin_aq_Jacobian.o module_kpp_cri_mosaic_4bin_aq_JacobianSP.o module_kpp_cri_mosaic_4bin_aq_Update_Rconst.o module_kpp_cri_mosaic_4bin_aq_interface.o module_kpp_cri_mosaic_8bin_aq_Integr.o module_kpp_cri_mosaic_8bin_aq_Precision.o module_kpp_cri_mosaic_8bin_aq_Parameters.o module_kpp_cri_mosaic_8bin_aq_Jacobian.o module_kpp_cri_mosaic_8bin_aq_JacobianSP.o module_kpp_cri_mosaic_8bin_aq_Update_Rconst.o module_kpp_cri_mosaic_8bin_aq_interface.o module_kpp_mozart_mosaic_4bin_aq_Integr.o module_kpp_mozart_mosaic_4bin_aq_Precision.o module_kpp_mozart_mosaic_4bin_aq_Parameters.o module_kpp_mozart_mosaic_4bin_aq_Jacobian.o module_kpp_mozart_mosaic_4bin_aq_JacobianSP.o module_kpp_mozart_mosaic_4bin_aq_Update_Rconst.o module_kpp_mozart_mosaic_4bin_aq_interface.o module_kpp_saprc99_mosaic_12bin_vbs2_Integr.o module_kpp_saprc99_mosaic_12bin_vbs2_Precision.o module_kpp_saprc99_mosaic_12bin_vbs2_Parameters.o module_kpp_saprc99_mosaic_12bin_vbs2_Jacobian.o module_kpp_saprc99_mosaic_12bin_vbs2_JacobianSP.o module_kpp_saprc99_mosaic_12bin_vbs2_Update_Rconst.o module_kpp_saprc99_mosaic_12bin_vbs2_interface.o module_kpp_cb05_sorg_aq_Integr.o module_kpp_cb05_sorg_aq_Precision.o module_kpp_cb05_sorg_aq_Parameters.o module_kpp_cb05_sorg_aq_Jacobian.o module_kpp_cb05_sorg_aq_JacobianSP.o module_kpp_cb05_sorg_aq_Update_Rconst.o module_kpp_cb05_sorg_aq_interface.o module_kpp_racmsorg_aqchem_Integr.o module_kpp_racmsorg_aqchem_Precision.o module_kpp_racmsorg_aqchem_Parameters.o module_kpp_racmsorg_aqchem_Jacobian.o module_kpp_racmsorg_aqchem_JacobianSP.o module_kpp_racmsorg_aqchem_Update_Rconst.o module_kpp_racmsorg_aqchem_interface.o module_kpp_saprc99_Integr.o module_kpp_saprc99_Precision.o module_kpp_saprc99_Parameters.o module_kpp_saprc99_Jacobian.o module_kpp_saprc99_JacobianSP.o module_kpp_saprc99_Update_Rconst.o module_kpp_saprc99_interface.o module_kpp_saprc99_mosaic_20bin_vbs2_aq_Integr.o module_kpp_saprc99_mosaic_20bin_vbs2_aq_Precision.o module_kpp_saprc99_mosaic_20bin_vbs2_aq_Parameters.o module_kpp_saprc99_mosaic_20bin_vbs2_aq_Jacobian.o module_kpp_saprc99_mosaic_20bin_vbs2_aq_JacobianSP.o module_kpp_saprc99_mosaic_20bin_vbs2_aq_Update_Rconst.o module_kpp_saprc99_mosaic_20bin_vbs2_aq_interface.o module_kpp_crimech_Integr.o module_kpp_crimech_Precision.o module_kpp_crimech_Parameters.o module_kpp_crimech_Jacobian.o module_kpp_crimech_JacobianSP.o module_kpp_crimech_Update_Rconst.o module_kpp_crimech_interface.o module_kpp_cbmz_mosaic_Integr.o module_kpp_cbmz_mosaic_Precision.o module_kpp_cbmz_mosaic_Parameters.o module_kpp_cbmz_mosaic_Jacobian.o module_kpp_cbmz_mosaic_JacobianSP.o module_kpp_cbmz_mosaic_Update_Rconst.o module_kpp_cbmz_mosaic_interface.o module_kpp_saprc99_mosaic_12bin_vbs2_aq_Integr.o module_kpp_saprc99_mosaic_12bin_vbs2_aq_Precision.o module_kpp_saprc99_mosaic_12bin_vbs2_aq_Parameters.o module_kpp_saprc99_mosaic_12bin_vbs2_aq_Jacobian.o module_kpp_saprc99_mosaic_12bin_vbs2_aq_JacobianSP.o module_kpp_saprc99_mosaic_12bin_vbs2_aq_Update_Rconst.o module_kpp_saprc99_mosaic_12bin_vbs2_aq_interface.o module_kpp_racm_soa_vbs_het_Integr.o module_kpp_racm_soa_vbs_het_Precision.o module_kpp_racm_soa_vbs_het_Parameters.o module_kpp_racm_soa_vbs_het_Jacobian.o module_kpp_racm_soa_vbs_het_JacobianSP.o module_kpp_racm_soa_vbs_het_Update_Rconst.o module_kpp_racm_soa_vbs_het_interface.o module_kpp_mozart_mosaic_4bin_Integr.o module_kpp_mozart_mosaic_4bin_Precision.o module_kpp_mozart_mosaic_4bin_Parameters.o module_kpp_mozart_mosaic_4bin_Jacobian.o module_kpp_mozart_mosaic_4bin_JacobianSP.o module_kpp_mozart_mosaic_4bin_Update_Rconst.o module_kpp_mozart_mosaic_4bin_interface.o module_kpp_cbm4_Integr.o module_kpp_cbm4_Precision.o module_kpp_cbm4_Parameters.o module_kpp_cbm4_Jacobian.o module_kpp_cbm4_JacobianSP.o module_kpp_cbm4_Update_Rconst.o module_kpp_cbm4_interface.o module_kpp_saprc99_mosaic_4bin_iepox_vbs_aq_Integr.o module_kpp_saprc99_mosaic_4bin_iepox_vbs_aq_Precision.o module_kpp_saprc99_mosaic_4bin_iepox_vbs_aq_Parameters.o module_kpp_saprc99_mosaic_4bin_iepox_vbs_aq_Jacobian.o module_kpp_saprc99_mosaic_4bin_iepox_vbs_aq_JacobianSP.o module_kpp_saprc99_mosaic_4bin_iepox_vbs_aq_Update_Rconst.o module_kpp_saprc99_mosaic_4bin_iepox_vbs_aq_interface.o module_kpp_radm2_Integr.o module_kpp_radm2_Precision.o module_kpp_radm2_Parameters.o module_kpp_radm2_Jacobian.o module_kpp_radm2_JacobianSP.o module_kpp_radm2_Update_Rconst.o module_kpp_radm2_interface.o module_kpp_racmpm_Integr.o module_kpp_racmpm_Precision.o module_kpp_racmpm_Parameters.o module_kpp_racmpm_Jacobian.o module_kpp_racmpm_JacobianSP.o module_kpp_racmpm_Update_Rconst.o module_kpp_racmpm_interface.o module_kpp_saprc99_simplesom_mosaic_4bin_aq_Integr.o module_kpp_saprc99_simplesom_mosaic_4bin_aq_Precision.o module_kpp_saprc99_simplesom_mosaic_4bin_aq_Parameters.o module_kpp_saprc99_simplesom_mosaic_4bin_aq_Jacobian.o module_kpp_saprc99_simplesom_mosaic_4bin_aq_JacobianSP.o module_kpp_saprc99_simplesom_mosaic_4bin_aq_Update_Rconst.o module_kpp_saprc99_simplesom_mosaic_4bin_aq_interface.o module_kpp_t1_mozcart_Integr.o module_kpp_t1_mozcart_Precision.o module_kpp_t1_mozcart_Parameters.o module_kpp_t1_mozcart_Jacobian.o module_kpp_t1_mozcart_JacobianSP.o module_kpp_t1_mozcart_Update_Rconst.o module_kpp_t1_mozcart_interface.o module_wkppc_constants.o module_ftuv_subs.o module_ghg_fluxes.o module_gocart_drydep.o module_gocart_settling.o module_gocart_so2so4.o module_HLaw.o module_input_tracer_data.o module_interpolate.o module_mosaic_csuesat.o module_mozcart_wetscav.o module_peg_util.o module_tropopause.o module_upper_bc_driver.o module_vertmx_wrf.o module_wave_data.o module_wetdep_ls.o module_zero_plumegen_coms.o module_vash_settling.o module_chem_plumerise_scalar.o module_dep_simple.o module_gocart_dmsemis.o module_gocart_aerosols.o module_gocart_dust.o module_gocart_dust_afwa.o module_gocart_seasalt.o module_uoc_dust.o module_qf03.o module_soilpsd.o module_dust_load.o module_uoc_dustwd.o module_data_uoc_wd.o module_mosaic_addemiss.o module_mosaic_initmixrats.o module_mosaic_support.o module_mosaic_init_aerpar.o module_mosaic_ext.o module_mosaic_astem.o module_mosaic_lsode.o module_mosaic_box_aerchem.o module_mosaic_aerchem_intr.o module_mosaic_coag1d.o module_mosaic_coag3d.o module_mosaic_movesect1d.o module_mosaic_movesect3d.o module_mosaic_newnucb.o module_mosaic_sect_intr.o module_mosaic_aerdynam_intr.o module_mosaic_movesect.o module_mosaic_newnuc.o module_mosaic_soa_vbs.o module_cbmz_lsodes_solver.o module_cbmz_rodas3_solver.o module_cmu_bulkaqchem.o module_data_mgn2mech.o module_ftuv_driver.o module_fastj_data.o module_fastj_mie.o module_input_chem_data.o module_mosaic_coag.o module_mosaic_gly.o module_mosaic_wetscav.o module_mosaic_therm.o module_phot_mad.o params.mod.o numer.o rdxs.o rxn.o params_mod.o module_phot_tuv.o module_subs_tuv.o rtrans.o la_srb.o module_radm.o module_sorgam_aqchem.o module_sorgam_vbs_aqchem.o module_aerosols_soa_vbs.o module_aerosols_sorgam.o module_aerosols_sorgam_vbs.o module_bioemi_megan2.o module_bioemi_simple.o module_cbm4_initmixrats.o module_cb05_initmixrats.o module_cb05_vbs_initmixrats.o module_cbmz.o module_cbmz_initmixrats.o module_cbmz_rodas_prep.o module_ctrans_grell.o module_gocart_chem.o module_input_tracer.o module_lightning_nox_driver.o module_lightning_nox_ott.o module_lightning_nox_decaria.o module_mixactivate_wrappers.o module_mosaic_init_aerpar.o module_mosaic2_driver.o module_mosaic_sumpm.o module_mosaic_driver.o module_optical_averaging.o module_plumerise1.o module_mosaic_drydep.o module_wetscav_driver.o module_prep_wetscav_sorgam.o module_input_chem_bioemiss.o module_input_dust_errosion.o module_input_gocart_dms.o module_cbmz_addemiss.o module_cbm4_addemiss.o module_cb05_addemiss.o module_emissions_anthropogenics.o module_aer_drydep.o module_cam_mam_calcsize.o module_cam_mam_dust_sediment.o module_cam_mam_drydep.o module_cam_mam_init.o module_cam_mam_initaerodata.o module_cam_mam_initmixrats.o module_cam_mam_rename.o module_cam_mam_wateruptake.o module_cam_mam_gasaerexch.o module_cam_mam_coag.o module_cam_mam_newnuc.o module_cam_mam_aerchem_driver.o module_cam_mam_addemiss.o module_cam_mam_wetscav.o module_cam_mam_mz_aerosols_intr.o module_cam_mam_wetdep.o module_cam_mam_cloudchem.o module_cam_mam_setsox.o module_cam_mam_mo_chem_utls.o module_mosaic_cloudchem.o module_sorgam_cloudchem.o module_sorgam_vbs_cloudchem.o module_cam_mam_gas_wetdep_driver.o module_cam_mam_mo_sethet.o module_phot_fastj.o module_chem_cup.o module_isocom.o module_isofwd.o module_isorev.o kpp_mechanism_driver.o chemics_init.o chem_driver.o cloudchem_driver.o photolysis_driver.o optical_driver.o mechanism_driver.o emissions_driver.o dry_dep_driver.o aerosol_driver.o 
make[2]: Leaving directory `/public2/home/tsinghuazhangff/tsinghuazhangh/yicongh/exps/x.WRF-CHEM.SSM/x.WRF-CHEM.SSM.4BIN.HIGH-NOx.DIFFg/chem'
if [ 1 -eq 0 ] ; then \
  if  [ "`echo -j em_real | sed -e 's/-j//g' -e 's/ \+//g'`" -gt "16" ] ; then \
    ( cd chem ; make -i -r -j 16 ) ;  \
  else \
    ( cd chem ; make -i -r -j em_real ) ; \
  fi \
fi
make[1]: Leaving directory `/public2/home/tsinghuazhangff/tsinghuazhangh/yicongh/exps/x.WRF-CHEM.SSM/x.WRF-CHEM.SSM.4BIN.HIGH-NOx.DIFFg'
make[1]: Entering directory `/public2/home/tsinghuazhangff/tsinghuazhangh/yicongh/exps/x.WRF-CHEM.SSM/x.WRF-CHEM.SSM.4BIN.HIGH-NOx.DIFFg'
--------------------------------------
if [ 1  -eq 0 ] ; then \
	CF= ; \
else \
	CF="../chem/module_aerosols_sorgam.o ../chem/module_gocart_aerosols.o ../chem/module_mosaic_driver.o ../chem/module_input_tracer.o ../chem/module_aerosols_soa_vbs.o" ; \
fi
( cd dyn_em ; make -i -r -j em_real CF="" )
make[2]: Entering directory `/public2/home/tsinghuazhangff/tsinghuazhangh/yicongh/exps/x.WRF-CHEM.SSM/x.WRF-CHEM.SSM.4BIN.HIGH-NOx.DIFFg/dyn_em'
make[2]: Leaving directory `/public2/home/tsinghuazhangff/tsinghuazhangh/yicongh/exps/x.WRF-CHEM.SSM/x.WRF-CHEM.SSM.4BIN.HIGH-NOx.DIFFg/dyn_em'
make[1]: Leaving directory `/public2/home/tsinghuazhangff/tsinghuazhangh/yicongh/exps/x.WRF-CHEM.SSM/x.WRF-CHEM.SSM.4BIN.HIGH-NOx.DIFFg'
( cd main ; make -i -r RLFLAGS="" MODULE_DIRS="-I../dyn_em -I../dyn_nmm  -I/public2/home/tsinghuazhangff/tsinghuazhangh/yicongh/exps/x.WRF-CHEM.SSM/x.WRF-CHEM.SSM.4BIN.HIGH-NOx.DIFFg/external/esmf_time_f90  -I/public2/home/tsinghuazhangff/tsinghuazhangh/yicongh/exps/x.WRF-CHEM.SSM/x.WRF-CHEM.SSM.4BIN.HIGH-NOx.DIFFg/main -I/public2/home/tsinghuazhangff/tsinghuazhangh/yicongh/exps/x.WRF-CHEM.SSM/x.WRF-CHEM.SSM.4BIN.HIGH-NOx.DIFFg/external/io_netcdf -I/public2/home/tsinghuazhangff/tsinghuazhangh/yicongh/exps/x.WRF-CHEM.SSM/x.WRF-CHEM.SSM.4BIN.HIGH-NOx.DIFFg/external/io_int -I/public2/home/tsinghuazhangff/tsinghuazhangh/yicongh/exps/x.WRF-CHEM.SSM/x.WRF-CHEM.SSM.4BIN.HIGH-NOx.DIFFg/frame -I/public2/home/tsinghuazhangff/tsinghuazhangh/yicongh/exps/x.WRF-CHEM.SSM/x.WRF-CHEM.SSM.4BIN.HIGH-NOx.DIFFg/share -I/public2/home/tsinghuazhangff/tsinghuazhangh/yicongh/exps/x.WRF-CHEM.SSM/x.WRF-CHEM.SSM.4BIN.HIGH-NOx.DIFFg/phys -I/public2/home/tsinghuazhangff/tsinghuazhangh/yicongh/exps/x.WRF-CHEM.SSM/x.WRF-CHEM.SSM.4BIN.HIGH-NOx.DIFFg/wrftladj -I/public2/home/tsinghuazhangff/tsinghuazhangh/yicongh/exps/x.WRF-CHEM.SSM/x.WRF-CHEM.SSM.4BIN.HIGH-NOx.DIFFg/chem -I/public2/home/tsinghuazhangff/tsinghuazhangh/yicongh/exps/x.WRF-CHEM.SSM/x.WRF-CHEM.SSM.4BIN.HIGH-NOx.DIFFg/inc -I/public/software/mathlib/netcdf/4.7.1/impi_pnetcdf/include " SOLVER=em em_wrf )
make[1]: Entering directory `/public2/home/tsinghuazhangff/tsinghuazhangh/yicongh/exps/x.WRF-CHEM.SSM/x.WRF-CHEM.SSM.4BIN.HIGH-NOx.DIFFg/main'
ranlib  libwrflib.a
time mpiifort  -o wrf.exe  -O3 -ip -fp-model precise -w -ftz -align all -fno-alias -FR -convert big_endian   -ip   wrf.o ../main/module_wrf_top.o libwrflib.a /public2/home/tsinghuazhangff/tsinghuazhangh/yicongh/exps/x.WRF-CHEM.SSM/x.WRF-CHEM.SSM.4BIN.HIGH-NOx.DIFFg/external/fftpack/fftpack5/libfftpack.a /public2/home/tsinghuazhangff/tsinghuazhangh/yicongh/exps/x.WRF-CHEM.SSM/x.WRF-CHEM.SSM.4BIN.HIGH-NOx.DIFFg/external/io_grib1/libio_grib1.a /public2/home/tsinghuazhangff/tsinghuazhangh/yicongh/exps/x.WRF-CHEM.SSM/x.WRF-CHEM.SSM.4BIN.HIGH-NOx.DIFFg/external/io_grib_share/libio_grib_share.a /public2/home/tsinghuazhangff/tsinghuazhangh/yicongh/exps/x.WRF-CHEM.SSM/x.WRF-CHEM.SSM.4BIN.HIGH-NOx.DIFFg/external/io_int/libwrfio_int.a -L/public2/home/tsinghuazhangff/tsinghuazhangh/yicongh/exps/x.WRF-CHEM.SSM/x.WRF-CHEM.SSM.4BIN.HIGH-NOx.DIFFg/external/esmf_time_f90 -lesmf_time /public2/home/tsinghuazhangff/tsinghuazhangh/yicongh/exps/x.WRF-CHEM.SSM/x.WRF-CHEM.SSM.4BIN.HIGH-NOx.DIFFg/external/RSL_LITE/librsl_lite.a /public2/home/tsinghuazhangff/tsinghuazhangh/yicongh/exps/x.WRF-CHEM.SSM/x.WRF-CHEM.SSM.4BIN.HIGH-NOx.DIFFg/frame/module_internal_header_util.o /public2/home/tsinghuazhangff/tsinghuazhangh/yicongh/exps/x.WRF-CHEM.SSM/x.WRF-CHEM.SSM.4BIN.HIGH-NOx.DIFFg/frame/pack_utils.o  -L/public2/home/tsinghuazhangff/tsinghuazhangh/yicongh/exps/x.WRF-CHEM.SSM/x.WRF-CHEM.SSM.4BIN.HIGH-NOx.DIFFg/external/io_netcdf -lwrfio_nf -L/public/software/mathlib/netcdf/4.7.1/impi_pnetcdf/lib -lnetcdff -lnetcdf        
make[1]: Leaving directory `/public2/home/tsinghuazhangff/tsinghuazhangh/yicongh/exps/x.WRF-CHEM.SSM/x.WRF-CHEM.SSM.4BIN.HIGH-NOx.DIFFg/main'
( cd run ; /bin/rm -f wrf.exe ; ln -s ../main/wrf.exe . )
if [ 0 -eq 1 ] ; then \
  ( cd main ; make -i -r RLFLAGS="" MODULE_DIRS="-I../dyn_em -I../dyn_nmm  -I/public2/home/tsinghuazhangff/tsinghuazhangh/yicongh/exps/x.WRF-CHEM.SSM/x.WRF-CHEM.SSM.4BIN.HIGH-NOx.DIFFg/external/esmf_time_f90  -I/public2/home/tsinghuazhangff/tsinghuazhangh/yicongh/exps/x.WRF-CHEM.SSM/x.WRF-CHEM.SSM.4BIN.HIGH-NOx.DIFFg/main -I/public2/home/tsinghuazhangff/tsinghuazhangh/yicongh/exps/x.WRF-CHEM.SSM/x.WRF-CHEM.SSM.4BIN.HIGH-NOx.DIFFg/external/io_netcdf -I/public2/home/tsinghuazhangff/tsinghuazhangh/yicongh/exps/x.WRF-CHEM.SSM/x.WRF-CHEM.SSM.4BIN.HIGH-NOx.DIFFg/external/io_int -I/public2/home/tsinghuazhangff/tsinghuazhangh/yicongh/exps/x.WRF-CHEM.SSM/x.WRF-CHEM.SSM.4BIN.HIGH-NOx.DIFFg/frame -I/public2/home/tsinghuazhangff/tsinghuazhangh/yicongh/exps/x.WRF-CHEM.SSM/x.WRF-CHEM.SSM.4BIN.HIGH-NOx.DIFFg/share -I/public2/home/tsinghuazhangff/tsinghuazhangh/yicongh/exps/x.WRF-CHEM.SSM/x.WRF-CHEM.SSM.4BIN.HIGH-NOx.DIFFg/phys -I/public2/home/tsinghuazhangff/tsinghuazhangh/yicongh/exps/x.WRF-CHEM.SSM/x.WRF-CHEM.SSM.4BIN.HIGH-NOx.DIFFg/wrftladj -I/public2/home/tsinghuazhangff/tsinghuazhangh/yicongh/exps/x.WRF-CHEM.SSM/x.WRF-CHEM.SSM.4BIN.HIGH-NOx.DIFFg/chem -I/public2/home/tsinghuazhangff/tsinghuazhangh/yicongh/exps/x.WRF-CHEM.SSM/x.WRF-CHEM.SSM.4BIN.HIGH-NOx.DIFFg/inc -I/public/software/mathlib/netcdf/4.7.1/impi_pnetcdf/include " SOLVER=em em_wrf_SST_ESMF ) ; \
fi
build started:   Thu Dec 22 22:11:05 CST 2022
build completed: Thu Dec 22 22:11:43 CST 2022
ARCHFLAGS =  -DEM_CORE=1 -DNMM_CORE=0 -DNMM_MAX_DIM=2600 -DDA_CORE=0 -DWRFPLUS=0 -DIWORDSIZE=4 -DDWORDSIZE=8 -DRWORDSIZE=4 -DLWORDSIZE=4 -DNONSTANDARD_SYSTEM_FUNC -DWRF_USE_CLM -DDM_PARALLEL -DNETCDF -DLANDREAD_STUB=1 -DUSE_ALLOCATABLES -Dwrfmodel -DGRIB1 -DINTIO -DKEEP_INT_AROUND -DLIMIT_ARGS -DBUILD_RRTMG_FAST=1 -DSHOW_ALL_VARS_USED=0 -DCONFIG_BUF_LEN=65536 -DMAX_DOMAINS_F=21 -DMAX_HISTORY=25 -DNMM_NEST=0
--------------------------------------
( cd main ; make -i -r RLFLAGS="" MODULE_DIRS="-I../dyn_em -I../dyn_nmm  -I/public2/home/tsinghuazhangff/tsinghuazhangh/yicongh/exps/x.WRF-CHEM.SSM/x.WRF-CHEM.SSM.4BIN.HIGH-NOx.DIFFg/external/esmf_time_f90  -I/public2/home/tsinghuazhangff/tsinghuazhangh/yicongh/exps/x.WRF-CHEM.SSM/x.WRF-CHEM.SSM.4BIN.HIGH-NOx.DIFFg/main -I/public2/home/tsinghuazhangff/tsinghuazhangh/yicongh/exps/x.WRF-CHEM.SSM/x.WRF-CHEM.SSM.4BIN.HIGH-NOx.DIFFg/external/io_netcdf -I/public2/home/tsinghuazhangff/tsinghuazhangh/yicongh/exps/x.WRF-CHEM.SSM/x.WRF-CHEM.SSM.4BIN.HIGH-NOx.DIFFg/external/io_int -I/public2/home/tsinghuazhangff/tsinghuazhangh/yicongh/exps/x.WRF-CHEM.SSM/x.WRF-CHEM.SSM.4BIN.HIGH-NOx.DIFFg/frame -I/public2/home/tsinghuazhangff/tsinghuazhangh/yicongh/exps/x.WRF-CHEM.SSM/x.WRF-CHEM.SSM.4BIN.HIGH-NOx.DIFFg/share -I/public2/home/tsinghuazhangff/tsinghuazhangh/yicongh/exps/x.WRF-CHEM.SSM/x.WRF-CHEM.SSM.4BIN.HIGH-NOx.DIFFg/phys -I/public2/home/tsinghuazhangff/tsinghuazhangh/yicongh/exps/x.WRF-CHEM.SSM/x.WRF-CHEM.SSM.4BIN.HIGH-NOx.DIFFg/wrftladj -I/public2/home/tsinghuazhangff/tsinghuazhangh/yicongh/exps/x.WRF-CHEM.SSM/x.WRF-CHEM.SSM.4BIN.HIGH-NOx.DIFFg/chem -I/public2/home/tsinghuazhangff/tsinghuazhangh/yicongh/exps/x.WRF-CHEM.SSM/x.WRF-CHEM.SSM.4BIN.HIGH-NOx.DIFFg/inc -I/public/software/mathlib/netcdf/4.7.1/impi_pnetcdf/include " SOLVER=em IDEAL_CASE=real em_real )
make[1]: Entering directory `/public2/home/tsinghuazhangff/tsinghuazhangh/yicongh/exps/x.WRF-CHEM.SSM/x.WRF-CHEM.SSM.4BIN.HIGH-NOx.DIFFg/main'
ranlib  libwrflib.a
time mpiifort  -o ndown.exe  -O3 -ip -fp-model precise -w -ftz -align all -fno-alias -FR -convert big_endian   -ip   ndown_em.o  ../dyn_em/module_initialize_real.o libwrflib.a /public2/home/tsinghuazhangff/tsinghuazhangh/yicongh/exps/x.WRF-CHEM.SSM/x.WRF-CHEM.SSM.4BIN.HIGH-NOx.DIFFg/external/fftpack/fftpack5/libfftpack.a /public2/home/tsinghuazhangff/tsinghuazhangh/yicongh/exps/x.WRF-CHEM.SSM/x.WRF-CHEM.SSM.4BIN.HIGH-NOx.DIFFg/external/io_grib1/libio_grib1.a /public2/home/tsinghuazhangff/tsinghuazhangh/yicongh/exps/x.WRF-CHEM.SSM/x.WRF-CHEM.SSM.4BIN.HIGH-NOx.DIFFg/external/io_grib_share/libio_grib_share.a /public2/home/tsinghuazhangff/tsinghuazhangh/yicongh/exps/x.WRF-CHEM.SSM/x.WRF-CHEM.SSM.4BIN.HIGH-NOx.DIFFg/external/io_int/libwrfio_int.a -L/public2/home/tsinghuazhangff/tsinghuazhangh/yicongh/exps/x.WRF-CHEM.SSM/x.WRF-CHEM.SSM.4BIN.HIGH-NOx.DIFFg/external/esmf_time_f90 -lesmf_time /public2/home/tsinghuazhangff/tsinghuazhangh/yicongh/exps/x.WRF-CHEM.SSM/x.WRF-CHEM.SSM.4BIN.HIGH-NOx.DIFFg/external/RSL_LITE/librsl_lite.a /public2/home/tsinghuazhangff/tsinghuazhangh/yicongh/exps/x.WRF-CHEM.SSM/x.WRF-CHEM.SSM.4BIN.HIGH-NOx.DIFFg/frame/module_internal_header_util.o /public2/home/tsinghuazhangff/tsinghuazhangh/yicongh/exps/x.WRF-CHEM.SSM/x.WRF-CHEM.SSM.4BIN.HIGH-NOx.DIFFg/frame/pack_utils.o  -L/public2/home/tsinghuazhangff/tsinghuazhangh/yicongh/exps/x.WRF-CHEM.SSM/x.WRF-CHEM.SSM.4BIN.HIGH-NOx.DIFFg/external/io_netcdf -lwrfio_nf -L/public/software/mathlib/netcdf/4.7.1/impi_pnetcdf/lib -lnetcdff -lnetcdf       
time mpiifort  -o tc.exe  -O3 -ip -fp-model precise -w -ftz -align all -fno-alias -FR -convert big_endian   -ip   tc_em.o  ../dyn_em/module_initialize_real.o libwrflib.a /public2/home/tsinghuazhangff/tsinghuazhangh/yicongh/exps/x.WRF-CHEM.SSM/x.WRF-CHEM.SSM.4BIN.HIGH-NOx.DIFFg/external/fftpack/fftpack5/libfftpack.a /public2/home/tsinghuazhangff/tsinghuazhangh/yicongh/exps/x.WRF-CHEM.SSM/x.WRF-CHEM.SSM.4BIN.HIGH-NOx.DIFFg/external/io_grib1/libio_grib1.a /public2/home/tsinghuazhangff/tsinghuazhangh/yicongh/exps/x.WRF-CHEM.SSM/x.WRF-CHEM.SSM.4BIN.HIGH-NOx.DIFFg/external/io_grib_share/libio_grib_share.a /public2/home/tsinghuazhangff/tsinghuazhangh/yicongh/exps/x.WRF-CHEM.SSM/x.WRF-CHEM.SSM.4BIN.HIGH-NOx.DIFFg/external/io_int/libwrfio_int.a -L/public2/home/tsinghuazhangff/tsinghuazhangh/yicongh/exps/x.WRF-CHEM.SSM/x.WRF-CHEM.SSM.4BIN.HIGH-NOx.DIFFg/external/esmf_time_f90 -lesmf_time /public2/home/tsinghuazhangff/tsinghuazhangh/yicongh/exps/x.WRF-CHEM.SSM/x.WRF-CHEM.SSM.4BIN.HIGH-NOx.DIFFg/external/RSL_LITE/librsl_lite.a /public2/home/tsinghuazhangff/tsinghuazhangh/yicongh/exps/x.WRF-CHEM.SSM/x.WRF-CHEM.SSM.4BIN.HIGH-NOx.DIFFg/frame/module_internal_header_util.o /public2/home/tsinghuazhangff/tsinghuazhangh/yicongh/exps/x.WRF-CHEM.SSM/x.WRF-CHEM.SSM.4BIN.HIGH-NOx.DIFFg/frame/pack_utils.o  -L/public2/home/tsinghuazhangff/tsinghuazhangh/yicongh/exps/x.WRF-CHEM.SSM/x.WRF-CHEM.SSM.4BIN.HIGH-NOx.DIFFg/external/io_netcdf -lwrfio_nf -L/public/software/mathlib/netcdf/4.7.1/impi_pnetcdf/lib -lnetcdff -lnetcdf       
time mpiifort  -o real.exe  -O3 -ip -fp-model precise -w -ftz -align all -fno-alias -FR -convert big_endian   -ip   real_em.o ../dyn_em/module_initialize_real.o libwrflib.a /public2/home/tsinghuazhangff/tsinghuazhangh/yicongh/exps/x.WRF-CHEM.SSM/x.WRF-CHEM.SSM.4BIN.HIGH-NOx.DIFFg/external/fftpack/fftpack5/libfftpack.a /public2/home/tsinghuazhangff/tsinghuazhangh/yicongh/exps/x.WRF-CHEM.SSM/x.WRF-CHEM.SSM.4BIN.HIGH-NOx.DIFFg/external/io_grib1/libio_grib1.a /public2/home/tsinghuazhangff/tsinghuazhangh/yicongh/exps/x.WRF-CHEM.SSM/x.WRF-CHEM.SSM.4BIN.HIGH-NOx.DIFFg/external/io_grib_share/libio_grib_share.a /public2/home/tsinghuazhangff/tsinghuazhangh/yicongh/exps/x.WRF-CHEM.SSM/x.WRF-CHEM.SSM.4BIN.HIGH-NOx.DIFFg/external/io_int/libwrfio_int.a -L/public2/home/tsinghuazhangff/tsinghuazhangh/yicongh/exps/x.WRF-CHEM.SSM/x.WRF-CHEM.SSM.4BIN.HIGH-NOx.DIFFg/external/esmf_time_f90 -lesmf_time /public2/home/tsinghuazhangff/tsinghuazhangh/yicongh/exps/x.WRF-CHEM.SSM/x.WRF-CHEM.SSM.4BIN.HIGH-NOx.DIFFg/external/RSL_LITE/librsl_lite.a /public2/home/tsinghuazhangff/tsinghuazhangh/yicongh/exps/x.WRF-CHEM.SSM/x.WRF-CHEM.SSM.4BIN.HIGH-NOx.DIFFg/frame/module_internal_header_util.o /public2/home/tsinghuazhangff/tsinghuazhangh/yicongh/exps/x.WRF-CHEM.SSM/x.WRF-CHEM.SSM.4BIN.HIGH-NOx.DIFFg/frame/pack_utils.o  -L/public2/home/tsinghuazhangff/tsinghuazhangh/yicongh/exps/x.WRF-CHEM.SSM/x.WRF-CHEM.SSM.4BIN.HIGH-NOx.DIFFg/external/io_netcdf -lwrfio_nf -L/public/software/mathlib/netcdf/4.7.1/impi_pnetcdf/lib -lnetcdff -lnetcdf       
make[1]: Leaving directory `/public2/home/tsinghuazhangff/tsinghuazhangh/yicongh/exps/x.WRF-CHEM.SSM/x.WRF-CHEM.SSM.4BIN.HIGH-NOx.DIFFg/main'
( cd test/em_real ; /bin/rm -f wrf.exe ; ln -s ../../main/wrf.exe . )
if [ 0 -eq 1 ] ; then \
  ( cd main ; make -i -r RLFLAGS="" MODULE_DIRS="-I../dyn_em -I../dyn_nmm  -I/public2/home/tsinghuazhangff/tsinghuazhangh/yicongh/exps/x.WRF-CHEM.SSM/x.WRF-CHEM.SSM.4BIN.HIGH-NOx.DIFFg/external/esmf_time_f90  -I/public2/home/tsinghuazhangff/tsinghuazhangh/yicongh/exps/x.WRF-CHEM.SSM/x.WRF-CHEM.SSM.4BIN.HIGH-NOx.DIFFg/main -I/public2/home/tsinghuazhangff/tsinghuazhangh/yicongh/exps/x.WRF-CHEM.SSM/x.WRF-CHEM.SSM.4BIN.HIGH-NOx.DIFFg/external/io_netcdf -I/public2/home/tsinghuazhangff/tsinghuazhangh/yicongh/exps/x.WRF-CHEM.SSM/x.WRF-CHEM.SSM.4BIN.HIGH-NOx.DIFFg/external/io_int -I/public2/home/tsinghuazhangff/tsinghuazhangh/yicongh/exps/x.WRF-CHEM.SSM/x.WRF-CHEM.SSM.4BIN.HIGH-NOx.DIFFg/frame -I/public2/home/tsinghuazhangff/tsinghuazhangh/yicongh/exps/x.WRF-CHEM.SSM/x.WRF-CHEM.SSM.4BIN.HIGH-NOx.DIFFg/share -I/public2/home/tsinghuazhangff/tsinghuazhangh/yicongh/exps/x.WRF-CHEM.SSM/x.WRF-CHEM.SSM.4BIN.HIGH-NOx.DIFFg/phys -I/public2/home/tsinghuazhangff/tsinghuazhangh/yicongh/exps/x.WRF-CHEM.SSM/x.WRF-CHEM.SSM.4BIN.HIGH-NOx.DIFFg/wrftladj -I/public2/home/tsinghuazhangff/tsinghuazhangh/yicongh/exps/x.WRF-CHEM.SSM/x.WRF-CHEM.SSM.4BIN.HIGH-NOx.DIFFg/chem -I/public2/home/tsinghuazhangff/tsinghuazhangh/yicongh/exps/x.WRF-CHEM.SSM/x.WRF-CHEM.SSM.4BIN.HIGH-NOx.DIFFg/inc -I/public/software/mathlib/netcdf/4.7.1/impi_pnetcdf/include " SOLVER=em IDEAL_CASE=real em_wrf_SST_ESMF ) ; \
  ( cd test/em_esmf_exp ; /bin/rm -f wrf.exe ; ln -s ../../main/wrf.exe . ) ; \
  ( cd test/em_esmf_exp ; /bin/rm -f wrf_SST_ESMF.exe ; ln -s ../../main/wrf_SST_ESMF.exe . ) ; \
  ( cd test/em_esmf_exp ; /bin/rm -f real.exe ; ln -s ../../main/real.exe . ) ; \
  ( cd test/em_esmf_exp ; /bin/rm -f README.namelist ; ln -s ../../run/README.namelist . ) ; \
  ( cd test/em_esmf_exp ; /bin/rm -f ETAMPNEW_DATA.expanded_rain ETAMPNEW_DATA RRTM_DATA RRTMG_LW_DATA RRTMG_SW_DATA ; \
               ln -sf ../../run/ETAMPNEW_DATA . ;                      \
               ln -sf ../../run/ETAMPNEW_DATA.expanded_rain . ;        \
               ln -sf ../../run/RRTM_DATA . ;                          \
               ln -sf ../../run/RRTMG_LW_DATA . ;                      \
               ln -sf ../../run/RRTMG_SW_DATA . ;                      \
               ln -sf ../../run/CAM_ABS_DATA . ;                       \
               ln -sf ../../run/CAM_AEROPT_DATA . ;                    \
               ln -sf ../../run/CAMtr_volume_mixing_ratio.RCP4.5 . ;   \
               ln -sf ../../run/CAMtr_volume_mixing_ratio.RCP6   . ;   \
               ln -sf ../../run/CAMtr_volume_mixing_ratio.RCP8.5 CAMtr_volume_mixing_ratio ;   \
               ln -sf ../../run/CAMtr_volume_mixing_ratio.A1B    . ;   \
               ln -sf ../../run/CAMtr_volume_mixing_ratio.A2     . ;   \
               ln -sf ../../run/CLM_ALB_ICE_DFS_DATA . ;               \
               ln -sf ../../run/CLM_ALB_ICE_DRC_DATA . ;               \
               ln -sf ../../run/CLM_ASM_ICE_DFS_DATA . ;               \
               ln -sf ../../run/CLM_ASM_ICE_DRC_DATA . ;               \
               ln -sf ../../run/CLM_DRDSDT0_DATA . ;                   \
               ln -sf ../../run/CLM_EXT_ICE_DFS_DATA . ;               \
               ln -sf ../../run/CLM_EXT_ICE_DRC_DATA . ;               \
               ln -sf ../../run/CLM_KAPPA_DATA . ;                     \
               ln -sf ../../run/CLM_TAU_DATA . ;                       \
               ln -sf ../../run/ozone.formatted . ;                    \
               ln -sf ../../run/ozone_lat.formatted . ;                \
               ln -sf ../../run/ozone_plev.formatted . ;               \
               ln -sf ../../run/aerosol.formatted . ;                  \
               ln -sf ../../run/aerosol_lat.formatted . ;              \
               ln -sf ../../run/aerosol_lon.formatted . ;              \
               ln -sf ../../run/aerosol_plev.formatted . ;             \
               ln -sf ../../run/CCN_ACTIVATE.BIN . ;                   \
               ln -sf ../../run/p3_lookup_table_1.dat-v4.1 . ;         \
               ln -sf ../../run/p3_lookup_table_2.dat-v4.1 . ;         \
               ln -sf ../../run/HLC.TBL . ;                            \
               ln -sf ../../run/wind-turbine-1.tbl . ;                 \
               ln -sf ../../run/ishmael-gamma-tab.bin . ;              \
               ln -sf ../../run/ishmael-qi-qc.bin . ;                  \
               ln -sf ../../run/ishmael-qi-qr.bin . ;                  \
               ln -sf ../../run/BROADBAND_CLOUD_GODDARD.bin . ;        \
               if [ 4 -eq 8 ] ; then                        \
                  ln -sf ../../run/ETAMPNEW_DATA_DBL ETAMPNEW_DATA ;   \
                  ln -sf ../../run/ETAMPNEW_DATA.expanded_rain_DBL ETAMPNEW_DATA.expanded_rain ;   \
                  ln -sf ../../run/RRTM_DATA_DBL RRTM_DATA         ;   \
                  ln -sf ../../run/RRTMG_LW_DATA_DBL RRTMG_LW_DATA ;   \
                  ln -sf ../../run/RRTMG_SW_DATA_DBL RRTMG_SW_DATA ;   \
               fi ) ; \
  ( cd test/em_esmf_exp ; /bin/rm -f GENPARM.TBL ; ln -s ../../run/GENPARM.TBL . ) ; \
  ( cd test/em_esmf_exp ; /bin/rm -f LANDUSE.TBL ; ln -s ../../run/LANDUSE.TBL . ) ; \
  ( cd test/em_esmf_exp ; /bin/rm -f SOILPARM.TBL ; ln -s ../../run/SOILPARM.TBL . ) ; \
  ( cd test/em_esmf_exp ; /bin/rm -f URBPARM.TBL ; ln -s ../../run/URBPARM.TBL . ) ; \
  ( cd test/em_esmf_exp ; /bin/rm -f VEGPARM.TBL ; ln -s ../../run/VEGPARM.TBL . ) ; \
  ( cd test/em_esmf_exp ; /bin/rm -f MPTABLE.TBL ; ln -s ../../run/MPTABLE.TBL . ) ; \
  ( cd test/em_esmf_exp ; /bin/rm -f tr49t67 ; ln -s ../../run/tr49t67 . ) ; \
  ( cd test/em_esmf_exp ; /bin/rm -f tr49t85 ; ln -s ../../run/tr49t85 . ) ; \
  ( cd test/em_esmf_exp ; /bin/rm -f tr67t85 ; ln -s ../../run/tr67t85 . ) ; \
  ( cd test/em_esmf_exp ; /bin/rm -f gribmap.txt ; ln -s ../../run/gribmap.txt . ) ; \
  ( cd test/em_esmf_exp ; /bin/rm -f grib2map.tbl ; ln -s ../../run/grib2map.tbl . ) ; \
fi
( cd test/em_real ; /bin/rm -f real.exe ; ln -s ../../main/real.exe . )
( cd test/em_real ; /bin/rm -f tc.exe ; ln -s ../../main/tc.exe . )
( cd test/em_real ; /bin/rm -f ndown.exe ; ln -s ../../main/ndown.exe . )
( cd test/em_real ; /bin/rm -f README.namelist ; ln -s ../../run/README.namelist . )
( cd test/em_real ; /bin/rm -f ETAMPNEW_DATA.expanded_rain ETAMPNEW_DATA RRTM_DATA RRTMG_LW_DATA RRTMG_SW_DATA ;    \
             ln -sf ../../run/ETAMPNEW_DATA . ;                     \
             ln -sf ../../run/ETAMPNEW_DATA.expanded_rain . ;       \
             ln -sf ../../run/RRTM_DATA . ;                         \
             ln -sf ../../run/RRTMG_LW_DATA . ;                     \
             ln -sf ../../run/RRTMG_SW_DATA . ;                     \
             ln -sf ../../run/CAM_ABS_DATA . ;                      \
             ln -sf ../../run/CAM_AEROPT_DATA . ;                   \
             ln -sf ../../run/CAMtr_volume_mixing_ratio.RCP4.5 . ;  \
             ln -sf ../../run/CAMtr_volume_mixing_ratio.RCP6   . ;  \
             ln -sf ../../run/CAMtr_volume_mixing_ratio.RCP8.5 CAMtr_volume_mixing_ratio ;   \
             ln -sf ../../run/CAMtr_volume_mixing_ratio.A1B    . ;  \
             ln -sf ../../run/CAMtr_volume_mixing_ratio.A2     . ;  \
             ln -sf ../../run/CLM_ALB_ICE_DFS_DATA . ;              \
             ln -sf ../../run/CLM_ALB_ICE_DRC_DATA . ;              \
             ln -sf ../../run/CLM_ASM_ICE_DFS_DATA . ;              \
             ln -sf ../../run/CLM_ASM_ICE_DRC_DATA . ;              \
             ln -sf ../../run/CLM_DRDSDT0_DATA . ;                  \
             ln -sf ../../run/CLM_EXT_ICE_DFS_DATA . ;              \
             ln -sf ../../run/CLM_EXT_ICE_DRC_DATA . ;              \
             ln -sf ../../run/CLM_KAPPA_DATA . ;                    \
             ln -sf ../../run/CLM_TAU_DATA . ;                      \
             ln -sf ../../run/ozone.formatted . ;                   \
             ln -sf ../../run/ozone_lat.formatted . ;               \
             ln -sf ../../run/ozone_plev.formatted . ;              \
             ln -sf ../../run/aerosol.formatted . ;                 \
             ln -sf ../../run/aerosol_lat.formatted . ;             \
             ln -sf ../../run/aerosol_lon.formatted . ;             \
             ln -sf ../../run/aerosol_plev.formatted . ;            \
             ln -sf ../../run/capacity.asc . ;                      \
             ln -sf ../../run/coeff_p.asc . ;                       \
             ln -sf ../../run/coeff_q.asc . ;                       \
             ln -sf ../../run/constants.asc . ;                     \
             ln -sf ../../run/masses.asc . ;                        \
             ln -sf ../../run/termvels.asc . ;                      \
             ln -sf ../../run/kernels.asc_s_0_03_0_9 . ;            \
             ln -sf ../../run/kernels_z.asc . ;                     \
             ln -sf ../../run/bulkdens.asc_s_0_03_0_9 . ;           \
             ln -sf ../../run/bulkradii.asc_s_0_03_0_9 . ;          \
             ln -sf ../../run/CCN_ACTIVATE.BIN . ;                  \
             ln -sf ../../run/p3_lookup_table_1.dat-v4.1 . ;        \
             ln -sf ../../run/p3_lookup_table_2.dat-v4.1 . ;        \
             ln -sf ../../run/HLC.TBL . ;                           \
             ln -sf ../../run/wind-turbine-1.tbl . ;                \
             ln -sf ../../run/ishmael-gamma-tab.bin . ;             \
             ln -sf ../../run/ishmael-qi-qc.bin . ;                 \
             ln -sf ../../run/ishmael-qi-qr.bin . ;                 \
             ln -sf ../../run/BROADBAND_CLOUD_GODDARD.bin . ;       \
             if [ 4 -eq 8 ] ; then                       \
                ln -sf ../../run/ETAMPNEW_DATA_DBL ETAMPNEW_DATA ;  \
                ln -sf ../../run/ETAMPNEW_DATA.expanded_rain_DBL ETAMPNEW_DATA.expanded_rain ;   \
                ln -sf ../../run/RRTM_DATA_DBL RRTM_DATA ;          \
                ln -sf ../../run/RRTMG_LW_DATA_DBL RRTMG_LW_DATA ;  \
                ln -sf ../../run/RRTMG_SW_DATA_DBL RRTMG_SW_DATA ;  \
             fi )
( cd test/em_real ; /bin/rm -f GENPARM.TBL ; ln -s ../../run/GENPARM.TBL . )
( cd test/em_real ; /bin/rm -f LANDUSE.TBL ; ln -s ../../run/LANDUSE.TBL . )
( cd test/em_real ; /bin/rm -f SOILPARM.TBL ; ln -s ../../run/SOILPARM.TBL . )
( cd test/em_real ; /bin/rm -f URBPARM.TBL ; ln -s ../../run/URBPARM.TBL . )
( cd test/em_real ; /bin/rm -f VEGPARM.TBL ; ln -s ../../run/VEGPARM.TBL . )
( cd test/em_real ; /bin/rm -f MPTABLE.TBL ; ln -s ../../run/MPTABLE.TBL . )
( cd test/em_real ; /bin/rm -f tr49t67 ; ln -s ../../run/tr49t67 . )
( cd test/em_real ; /bin/rm -f tr49t85 ; ln -s ../../run/tr49t85 . )
( cd test/em_real ; /bin/rm -f tr67t85 ; ln -s ../../run/tr67t85 . )
( cd test/em_real ; /bin/rm -f gribmap.txt ; ln -s ../../run/gribmap.txt . )
( cd test/em_real ; /bin/rm -f grib2map.tbl ; ln -s ../../run/grib2map.tbl . )
( cd run ; /bin/rm -f real.exe ; ln -s ../main/real.exe . )
( cd run ; /bin/rm -f tc.exe ; ln -s ../main/tc.exe . )
( cd run ; /bin/rm -f ndown.exe ; ln -s ../main/ndown.exe . )
 
==========================================================================
build started:   Thu Dec 22 22:11:05 CST 2022
build completed: Thu Dec 22 22:11:45 CST 2022
 
---> Problems building executables, look for errors in the build log  <---
 
==========================================================================
 
